mode: set
github.com/Joe-oss9527/xrf-go/cmd/xrf/main.go:41.13,57.61 1 0
github.com/Joe-oss9527/xrf-go/cmd/xrf/main.go:57.61,58.15 1 0
github.com/Joe-oss9527/xrf-go/cmd/xrf/main.go:58.15,60.5 1 0
github.com/Joe-oss9527/xrf-go/cmd/xrf/main.go:61.4,61.15 1 0
github.com/Joe-oss9527/xrf-go/cmd/xrf/main.go:61.15,63.5 1 0
github.com/Joe-oss9527/xrf-go/cmd/xrf/main.go:66.4,72.48 5 0
github.com/Joe-oss9527/xrf-go/cmd/xrf/main.go:77.2,114.42 5 0
github.com/Joe-oss9527/xrf-go/cmd/xrf/main.go:114.42,117.3 2 0
github.com/Joe-oss9527/xrf-go/cmd/xrf/main.go:122.67,125.15 2 0
github.com/Joe-oss9527/xrf-go/cmd/xrf/main.go:125.15,128.3 1 0
github.com/Joe-oss9527/xrf-go/cmd/xrf/main.go:128.8,130.3 1 0
github.com/Joe-oss9527/xrf-go/cmd/xrf/main.go:132.2,133.16 2 0
github.com/Joe-oss9527/xrf-go/cmd/xrf/main.go:133.16,135.3 1 0
github.com/Joe-oss9527/xrf-go/cmd/xrf/main.go:137.2,137.22 1 0
github.com/Joe-oss9527/xrf-go/cmd/xrf/main.go:137.22,140.3 2 0
github.com/Joe-oss9527/xrf-go/cmd/xrf/main.go:142.2,143.12 2 0
github.com/Joe-oss9527/xrf-go/cmd/xrf/main.go:146.58,149.15 2 0
github.com/Joe-oss9527/xrf-go/cmd/xrf/main.go:149.15,152.3 1 0
github.com/Joe-oss9527/xrf-go/cmd/xrf/main.go:152.8,154.3 1 0
github.com/Joe-oss9527/xrf-go/cmd/xrf/main.go:156.2,160.18 4 0
github.com/Joe-oss9527/xrf-go/cmd/xrf/main.go:163.58,167.15 3 0
github.com/Joe-oss9527/xrf-go/cmd/xrf/main.go:167.15,169.3 1 0
github.com/Joe-oss9527/xrf-go/cmd/xrf/main.go:171.2,175.34 4 0
github.com/Joe-oss9527/xrf-go/cmd/xrf/main.go:175.34,179.3 3 0
github.com/Joe-oss9527/xrf-go/cmd/xrf/main.go:181.2,181.12 1 0
github.com/Joe-oss9527/xrf-go/cmd/xrf/main.go:184.39,191.34 5 0
github.com/Joe-oss9527/xrf-go/cmd/xrf/main.go:191.34,195.3 3 0
github.com/Joe-oss9527/xrf-go/cmd/xrf/main.go:197.2,197.12 1 0
github.com/Joe-oss9527/xrf-go/cmd/xrf/main.go:200.44,218.55 2 0
github.com/Joe-oss9527/xrf-go/cmd/xrf/main.go:218.55,222.63 2 0
github.com/Joe-oss9527/xrf-go/cmd/xrf/main.go:222.63,224.5 1 0
github.com/Joe-oss9527/xrf-go/cmd/xrf/main.go:227.4,227.15 1 0
github.com/Joe-oss9527/xrf-go/cmd/xrf/main.go:227.15,229.5 1 0
github.com/Joe-oss9527/xrf-go/cmd/xrf/main.go:232.4,233.50 2 0
github.com/Joe-oss9527/xrf-go/cmd/xrf/main.go:233.50,235.5 1 0
github.com/Joe-oss9527/xrf-go/cmd/xrf/main.go:238.4,239.54 2 0
github.com/Joe-oss9527/xrf-go/cmd/xrf/main.go:239.54,241.5 1 0
github.com/Joe-oss9527/xrf-go/cmd/xrf/main.go:244.4,245.49 2 0
github.com/Joe-oss9527/xrf-go/cmd/xrf/main.go:245.49,247.5 1 0
github.com/Joe-oss9527/xrf-go/cmd/xrf/main.go:250.4,250.27 1 0
github.com/Joe-oss9527/xrf-go/cmd/xrf/main.go:250.27,252.5 1 0
github.com/Joe-oss9527/xrf-go/cmd/xrf/main.go:254.4,254.43 1 0
github.com/Joe-oss9527/xrf-go/cmd/xrf/main.go:254.43,258.21 3 0
github.com/Joe-oss9527/xrf-go/cmd/xrf/main.go:258.21,261.6 2 0
github.com/Joe-oss9527/xrf-go/cmd/xrf/main.go:262.5,262.18 1 0
github.com/Joe-oss9527/xrf-go/cmd/xrf/main.go:262.18,264.6 1 0
github.com/Joe-oss9527/xrf-go/cmd/xrf/main.go:266.5,267.28 2 0
github.com/Joe-oss9527/xrf-go/cmd/xrf/main.go:267.28,269.6 1 0
github.com/Joe-oss9527/xrf-go/cmd/xrf/main.go:271.5,271.77 1 0
github.com/Joe-oss9527/xrf-go/cmd/xrf/main.go:271.77,273.14 2 0
github.com/Joe-oss9527/xrf-go/cmd/xrf/main.go:276.5,276.63 1 0
github.com/Joe-oss9527/xrf-go/cmd/xrf/main.go:280.4,281.54 2 0
github.com/Joe-oss9527/xrf-go/cmd/xrf/main.go:281.54,283.5 1 0
github.com/Joe-oss9527/xrf-go/cmd/xrf/main.go:286.4,287.52 2 0
github.com/Joe-oss9527/xrf-go/cmd/xrf/main.go:287.52,289.5 1 0
github.com/Joe-oss9527/xrf-go/cmd/xrf/main.go:291.4,298.14 7 0
github.com/Joe-oss9527/xrf-go/cmd/xrf/main.go:302.2,308.12 6 0
github.com/Joe-oss9527/xrf-go/cmd/xrf/main.go:311.40,354.55 2 0
github.com/Joe-oss9527/xrf-go/cmd/xrf/main.go:354.55,362.17 5 0
github.com/Joe-oss9527/xrf-go/cmd/xrf/main.go:362.17,364.5 1 0
github.com/Joe-oss9527/xrf-go/cmd/xrf/main.go:365.4,365.20 1 0
github.com/Joe-oss9527/xrf-go/cmd/xrf/main.go:365.20,368.5 2 0
github.com/Joe-oss9527/xrf-go/cmd/xrf/main.go:369.4,369.18 1 0
github.com/Joe-oss9527/xrf-go/cmd/xrf/main.go:369.18,371.5 1 0
github.com/Joe-oss9527/xrf-go/cmd/xrf/main.go:372.4,372.18 1 0
github.com/Joe-oss9527/xrf-go/cmd/xrf/main.go:372.18,374.5 1 0
github.com/Joe-oss9527/xrf-go/cmd/xrf/main.go:375.4,375.22 1 0
github.com/Joe-oss9527/xrf-go/cmd/xrf/main.go:375.22,377.5 1 0
github.com/Joe-oss9527/xrf-go/cmd/xrf/main.go:378.4,378.18 1 0
github.com/Joe-oss9527/xrf-go/cmd/xrf/main.go:378.18,380.5 1 0
github.com/Joe-oss9527/xrf-go/cmd/xrf/main.go:383.4,383.17 1 0
github.com/Joe-oss9527/xrf-go/cmd/xrf/main.go:383.17,385.19 2 0
github.com/Joe-oss9527/xrf-go/cmd/xrf/main.go:385.19,387.6 1 0
github.com/Joe-oss9527/xrf-go/cmd/xrf/main.go:388.5,388.71 1 0
github.com/Joe-oss9527/xrf-go/cmd/xrf/main.go:392.4,393.18 2 0
github.com/Joe-oss9527/xrf-go/cmd/xrf/main.go:393.18,395.5 1 0
github.com/Joe-oss9527/xrf-go/cmd/xrf/main.go:398.4,399.60 2 0
github.com/Joe-oss9527/xrf-go/cmd/xrf/main.go:399.60,401.21 2 0
github.com/Joe-oss9527/xrf-go/cmd/xrf/main.go:401.21,403.6 1 0
github.com/Joe-oss9527/xrf-go/cmd/xrf/main.go:404.5,405.19 2 0
github.com/Joe-oss9527/xrf-go/cmd/xrf/main.go:405.19,407.6 1 0
github.com/Joe-oss9527/xrf-go/cmd/xrf/main.go:408.5,409.27 2 0
github.com/Joe-oss9527/xrf-go/cmd/xrf/main.go:413.4,413.76 1 0
github.com/Joe-oss9527/xrf-go/cmd/xrf/main.go:413.76,415.5 1 0
github.com/Joe-oss9527/xrf-go/cmd/xrf/main.go:417.4,421.17 3 0
github.com/Joe-oss9527/xrf-go/cmd/xrf/main.go:421.17,423.5 1 0
github.com/Joe-oss9527/xrf-go/cmd/xrf/main.go:424.4,424.20 1 0
github.com/Joe-oss9527/xrf-go/cmd/xrf/main.go:424.20,426.5 1 0
github.com/Joe-oss9527/xrf-go/cmd/xrf/main.go:427.4,427.18 1 0
github.com/Joe-oss9527/xrf-go/cmd/xrf/main.go:427.18,429.5 1 0
github.com/Joe-oss9527/xrf-go/cmd/xrf/main.go:430.4,430.30 1 0
github.com/Joe-oss9527/xrf-go/cmd/xrf/main.go:430.30,433.5 2 0
github.com/Joe-oss9527/xrf-go/cmd/xrf/main.go:436.4,436.17 1 0
github.com/Joe-oss9527/xrf-go/cmd/xrf/main.go:436.17,438.52 2 0
github.com/Joe-oss9527/xrf-go/cmd/xrf/main.go:438.52,441.6 2 0
github.com/Joe-oss9527/xrf-go/cmd/xrf/main.go:444.4,444.14 1 0
github.com/Joe-oss9527/xrf-go/cmd/xrf/main.go:448.2,464.12 15 0
github.com/Joe-oss9527/xrf-go/cmd/xrf/main.go:467.41,472.55 1 0
github.com/Joe-oss9527/xrf-go/cmd/xrf/main.go:472.55,476.18 3 0
github.com/Joe-oss9527/xrf-go/cmd/xrf/main.go:476.18,478.5 1 0
github.com/Joe-oss9527/xrf-go/cmd/xrf/main.go:480.4,480.27 1 0
github.com/Joe-oss9527/xrf-go/cmd/xrf/main.go:480.27,483.5 2 0
github.com/Joe-oss9527/xrf-go/cmd/xrf/main.go:485.4,485.39 1 0
github.com/Joe-oss9527/xrf-go/cmd/xrf/main.go:485.39,487.28 2 0
github.com/Joe-oss9527/xrf-go/cmd/xrf/main.go:488.20,489.26 1 0
github.com/Joe-oss9527/xrf-go/cmd/xrf/main.go:490.20,491.23 1 0
github.com/Joe-oss9527/xrf-go/cmd/xrf/main.go:492.13,493.26 1 0
github.com/Joe-oss9527/xrf-go/cmd/xrf/main.go:496.5,501.6 1 0
github.com/Joe-oss9527/xrf-go/cmd/xrf/main.go:504.4,505.14 2 0
github.com/Joe-oss9527/xrf-go/cmd/xrf/main.go:509.2,509.12 1 0
github.com/Joe-oss9527/xrf-go/cmd/xrf/main.go:512.43,520.55 2 0
github.com/Joe-oss9527/xrf-go/cmd/xrf/main.go:520.55,526.56 4 0
github.com/Joe-oss9527/xrf-go/cmd/xrf/main.go:526.56,528.5 1 0
github.com/Joe-oss9527/xrf-go/cmd/xrf/main.go:530.4,533.17 2 0
github.com/Joe-oss9527/xrf-go/cmd/xrf/main.go:533.17,535.52 2 0
github.com/Joe-oss9527/xrf-go/cmd/xrf/main.go:535.52,538.6 2 0
github.com/Joe-oss9527/xrf-go/cmd/xrf/main.go:541.4,541.14 1 0
github.com/Joe-oss9527/xrf-go/cmd/xrf/main.go:545.2,546.12 2 0
github.com/Joe-oss9527/xrf-go/cmd/xrf/main.go:549.41,555.55 1 0
github.com/Joe-oss9527/xrf-go/cmd/xrf/main.go:555.55,560.18 3 0
github.com/Joe-oss9527/xrf-go/cmd/xrf/main.go:560.18,562.5 1 0
github.com/Joe-oss9527/xrf-go/cmd/xrf/main.go:565.4,571.75 3 0
github.com/Joe-oss9527/xrf-go/cmd/xrf/main.go:571.75,573.5 1 0
github.com/Joe-oss9527/xrf-go/cmd/xrf/main.go:575.4,575.14 1 0
github.com/Joe-oss9527/xrf-go/cmd/xrf/main.go:579.2,579.12 1 0
github.com/Joe-oss9527/xrf-go/cmd/xrf/main.go:583.72,587.9 2 0
github.com/Joe-oss9527/xrf-go/cmd/xrf/main.go:587.9,589.3 1 0
github.com/Joe-oss9527/xrf-go/cmd/xrf/main.go:590.2,591.45 2 0
github.com/Joe-oss9527/xrf-go/cmd/xrf/main.go:591.45,593.3 1 0
github.com/Joe-oss9527/xrf-go/cmd/xrf/main.go:594.2,595.16 2 0
github.com/Joe-oss9527/xrf-go/cmd/xrf/main.go:595.16,598.3 2 0
github.com/Joe-oss9527/xrf-go/cmd/xrf/main.go:599.2,608.12 9 0
github.com/Joe-oss9527/xrf-go/cmd/xrf/main.go:612.60,614.20 2 1
github.com/Joe-oss9527/xrf-go/cmd/xrf/main.go:614.20,616.3 1 0
github.com/Joe-oss9527/xrf-go/cmd/xrf/main.go:617.2,620.20 3 1
github.com/Joe-oss9527/xrf-go/cmd/xrf/main.go:620.20,622.3 1 0
github.com/Joe-oss9527/xrf-go/cmd/xrf/main.go:624.2,628.68 3 1
github.com/Joe-oss9527/xrf-go/cmd/xrf/main.go:628.68,630.3 1 1
github.com/Joe-oss9527/xrf-go/cmd/xrf/main.go:630.8,632.3 1 0
github.com/Joe-oss9527/xrf-go/cmd/xrf/main.go:633.2,634.23 2 1
github.com/Joe-oss9527/xrf-go/cmd/xrf/main.go:635.10,637.17 2 1
github.com/Joe-oss9527/xrf-go/cmd/xrf/main.go:637.17,639.4 1 0
github.com/Joe-oss9527/xrf-go/cmd/xrf/main.go:640.3,640.18 1 1
github.com/Joe-oss9527/xrf-go/cmd/xrf/main.go:641.10,643.17 2 0
github.com/Joe-oss9527/xrf-go/cmd/xrf/main.go:643.17,645.4 1 0
github.com/Joe-oss9527/xrf-go/cmd/xrf/main.go:646.3,646.17 1 0
github.com/Joe-oss9527/xrf-go/cmd/xrf/main.go:647.10,648.71 1 0
github.com/Joe-oss9527/xrf-go/cmd/xrf/main.go:651.2,653.17 3 1
github.com/Joe-oss9527/xrf-go/cmd/xrf/main.go:656.61,659.16 2 0
github.com/Joe-oss9527/xrf-go/cmd/xrf/main.go:659.16,661.3 1 0
github.com/Joe-oss9527/xrf-go/cmd/xrf/main.go:662.2,664.18 3 0
github.com/Joe-oss9527/xrf-go/cmd/xrf/main.go:664.18,666.3 1 0
github.com/Joe-oss9527/xrf-go/cmd/xrf/main.go:667.2,667.19 1 0
github.com/Joe-oss9527/xrf-go/cmd/xrf/main.go:670.43,688.55 1 0
github.com/Joe-oss9527/xrf-go/cmd/xrf/main.go:688.55,697.18 6 0
github.com/Joe-oss9527/xrf-go/cmd/xrf/main.go:697.18,699.5 1 0
github.com/Joe-oss9527/xrf-go/cmd/xrf/main.go:702.4,703.15 2 0
github.com/Joe-oss9527/xrf-go/cmd/xrf/main.go:704.16,705.56 1 0
github.com/Joe-oss9527/xrf-go/cmd/xrf/main.go:705.56,707.6 1 0
github.com/Joe-oss9527/xrf-go/cmd/xrf/main.go:707.11,707.46 1 0
github.com/Joe-oss9527/xrf-go/cmd/xrf/main.go:707.46,709.6 1 0
github.com/Joe-oss9527/xrf-go/cmd/xrf/main.go:709.11,711.6 1 0
github.com/Joe-oss9527/xrf-go/cmd/xrf/main.go:712.16,713.34 1 0
github.com/Joe-oss9527/xrf-go/cmd/xrf/main.go:713.34,715.6 1 0
github.com/Joe-oss9527/xrf-go/cmd/xrf/main.go:716.16,717.39 1 0
github.com/Joe-oss9527/xrf-go/cmd/xrf/main.go:717.39,719.6 1 0
github.com/Joe-oss9527/xrf-go/cmd/xrf/main.go:720.20,721.23 1 0
github.com/Joe-oss9527/xrf-go/cmd/xrf/main.go:721.23,723.6 1 0
github.com/Joe-oss9527/xrf-go/cmd/xrf/main.go:726.4,730.65 2 0
github.com/Joe-oss9527/xrf-go/cmd/xrf/main.go:730.65,732.5 1 0
github.com/Joe-oss9527/xrf-go/cmd/xrf/main.go:734.4,737.76 2 0
github.com/Joe-oss9527/xrf-go/cmd/xrf/main.go:737.76,739.5 1 0
github.com/Joe-oss9527/xrf-go/cmd/xrf/main.go:741.4,741.14 1 0
github.com/Joe-oss9527/xrf-go/cmd/xrf/main.go:745.2,745.12 1 0
github.com/Joe-oss9527/xrf-go/cmd/xrf/main.go:748.45,771.55 2 0
github.com/Joe-oss9527/xrf-go/cmd/xrf/main.go:771.55,776.36 3 0
github.com/Joe-oss9527/xrf-go/cmd/xrf/main.go:777.20,779.50 2 0
github.com/Joe-oss9527/xrf-go/cmd/xrf/main.go:781.16,783.38 2 0
github.com/Joe-oss9527/xrf-go/cmd/xrf/main.go:785.18,787.19 2 0
github.com/Joe-oss9527/xrf-go/cmd/xrf/main.go:787.19,789.6 1 0
github.com/Joe-oss9527/xrf-go/cmd/xrf/main.go:790.5,790.46 1 0
github.com/Joe-oss9527/xrf-go/cmd/xrf/main.go:792.26,794.19 2 0
github.com/Joe-oss9527/xrf-go/cmd/xrf/main.go:794.19,796.6 1 0
github.com/Joe-oss9527/xrf-go/cmd/xrf/main.go:797.5,798.39 2 0
github.com/Joe-oss9527/xrf-go/cmd/xrf/main.go:800.19,802.43 2 0
github.com/Joe-oss9527/xrf-go/cmd/xrf/main.go:804.20,806.19 2 0
github.com/Joe-oss9527/xrf-go/cmd/xrf/main.go:806.19,808.6 1 0
github.com/Joe-oss9527/xrf-go/cmd/xrf/main.go:809.5,810.43 2 0
github.com/Joe-oss9527/xrf-go/cmd/xrf/main.go:812.17,814.19 2 0
github.com/Joe-oss9527/xrf-go/cmd/xrf/main.go:814.19,816.6 1 0
github.com/Joe-oss9527/xrf-go/cmd/xrf/main.go:817.5,817.19 1 0
github.com/Joe-oss9527/xrf-go/cmd/xrf/main.go:819.12,820.63 1 0
github.com/Joe-oss9527/xrf-go/cmd/xrf/main.go:823.4,823.14 1 0
github.com/Joe-oss9527/xrf-go/cmd/xrf/main.go:828.2,834.12 6 0
github.com/Joe-oss9527/xrf-go/cmd/xrf/main.go:838.42,842.55 1 0
github.com/Joe-oss9527/xrf-go/cmd/xrf/main.go:842.55,844.4 1 0
github.com/Joe-oss9527/xrf-go/cmd/xrf/main.go:848.41,852.55 1 0
github.com/Joe-oss9527/xrf-go/cmd/xrf/main.go:852.55,854.4 1 0
github.com/Joe-oss9527/xrf-go/cmd/xrf/main.go:858.44,862.55 1 0
github.com/Joe-oss9527/xrf-go/cmd/xrf/main.go:862.55,864.4 1 0
github.com/Joe-oss9527/xrf-go/cmd/xrf/main.go:868.43,872.55 1 0
github.com/Joe-oss9527/xrf-go/cmd/xrf/main.go:872.55,874.4 1 0
github.com/Joe-oss9527/xrf-go/cmd/xrf/main.go:878.43,893.55 1 0
github.com/Joe-oss9527/xrf-go/cmd/xrf/main.go:893.55,895.4 1 0
github.com/Joe-oss9527/xrf-go/cmd/xrf/main.go:899.41,903.55 1 0
github.com/Joe-oss9527/xrf-go/cmd/xrf/main.go:903.55,905.4 1 0
github.com/Joe-oss9527/xrf-go/cmd/xrf/main.go:909.46,925.55 2 0
github.com/Joe-oss9527/xrf-go/cmd/xrf/main.go:925.55,928.33 2 0
github.com/Joe-oss9527/xrf-go/cmd/xrf/main.go:928.33,934.41 4 0
github.com/Joe-oss9527/xrf-go/cmd/xrf/main.go:934.41,935.37 1 0
github.com/Joe-oss9527/xrf-go/cmd/xrf/main.go:935.37,938.7 2 0
github.com/Joe-oss9527/xrf-go/cmd/xrf/main.go:938.12,940.7 1 0
github.com/Joe-oss9527/xrf-go/cmd/xrf/main.go:943.5,943.32 1 0
github.com/Joe-oss9527/xrf-go/cmd/xrf/main.go:943.32,945.6 1 0
github.com/Joe-oss9527/xrf-go/cmd/xrf/main.go:945.11,947.68 2 0
github.com/Joe-oss9527/xrf-go/cmd/xrf/main.go:947.68,949.7 1 0
github.com/Joe-oss9527/xrf-go/cmd/xrf/main.go:949.12,951.7 1 0
github.com/Joe-oss9527/xrf-go/cmd/xrf/main.go:953.5,953.15 1 0
github.com/Joe-oss9527/xrf-go/cmd/xrf/main.go:956.4,956.24 1 0
github.com/Joe-oss9527/xrf-go/cmd/xrf/main.go:956.24,959.24 2 0
github.com/Joe-oss9527/xrf-go/cmd/xrf/main.go:959.24,961.6 1 0
github.com/Joe-oss9527/xrf-go/cmd/xrf/main.go:963.5,964.19 2 0
github.com/Joe-oss9527/xrf-go/cmd/xrf/main.go:964.19,966.6 1 0
github.com/Joe-oss9527/xrf-go/cmd/xrf/main.go:968.5,969.19 2 0
github.com/Joe-oss9527/xrf-go/cmd/xrf/main.go:969.19,971.6 1 0
github.com/Joe-oss9527/xrf-go/cmd/xrf/main.go:973.5,976.52 3 0
github.com/Joe-oss9527/xrf-go/cmd/xrf/main.go:976.52,977.37 1 0
github.com/Joe-oss9527/xrf-go/cmd/xrf/main.go:977.37,979.7 1 0
github.com/Joe-oss9527/xrf-go/cmd/xrf/main.go:982.5,987.27 5 0
github.com/Joe-oss9527/xrf-go/cmd/xrf/main.go:987.27,988.87 1 0
github.com/Joe-oss9527/xrf-go/cmd/xrf/main.go:988.87,990.7 1 0
github.com/Joe-oss9527/xrf-go/cmd/xrf/main.go:993.5,993.15 1 0
github.com/Joe-oss9527/xrf-go/cmd/xrf/main.go:996.4,996.22 1 0
github.com/Joe-oss9527/xrf-go/cmd/xrf/main.go:996.22,998.5 1 0
github.com/Joe-oss9527/xrf-go/cmd/xrf/main.go:1001.4,1002.18 2 0
github.com/Joe-oss9527/xrf-go/cmd/xrf/main.go:1002.18,1004.5 1 0
github.com/Joe-oss9527/xrf-go/cmd/xrf/main.go:1006.4,1006.32 1 0
github.com/Joe-oss9527/xrf-go/cmd/xrf/main.go:1006.32,1008.5 1 0
github.com/Joe-oss9527/xrf-go/cmd/xrf/main.go:1010.4,1012.35 2 0
github.com/Joe-oss9527/xrf-go/cmd/xrf/main.go:1012.35,1014.5 1 0
github.com/Joe-oss9527/xrf-go/cmd/xrf/main.go:1014.10,1016.5 1 0
github.com/Joe-oss9527/xrf-go/cmd/xrf/main.go:1018.4,1018.14 1 0
github.com/Joe-oss9527/xrf-go/cmd/xrf/main.go:1022.2,1026.12 4 0
github.com/Joe-oss9527/xrf-go/cmd/xrf/main.go:1029.43,1042.55 2 0
github.com/Joe-oss9527/xrf-go/cmd/xrf/main.go:1042.55,1045.24 2 0
github.com/Joe-oss9527/xrf-go/cmd/xrf/main.go:1045.24,1047.5 1 0
github.com/Joe-oss9527/xrf-go/cmd/xrf/main.go:1047.10,1049.5 1 0
github.com/Joe-oss9527/xrf-go/cmd/xrf/main.go:1051.4,1051.61 1 0
github.com/Joe-oss9527/xrf-go/cmd/xrf/main.go:1051.61,1053.5 1 0
github.com/Joe-oss9527/xrf-go/cmd/xrf/main.go:1055.4,1056.14 2 0
github.com/Joe-oss9527/xrf-go/cmd/xrf/main.go:1060.2,1061.12 2 0
github.com/Joe-oss9527/xrf-go/cmd/xrf/main.go:1064.44,1077.55 2 0
github.com/Joe-oss9527/xrf-go/cmd/xrf/main.go:1077.55,1083.23 4 0
github.com/Joe-oss9527/xrf-go/cmd/xrf/main.go:1083.23,1088.5 4 0
github.com/Joe-oss9527/xrf-go/cmd/xrf/main.go:1090.4,1092.62 2 0
github.com/Joe-oss9527/xrf-go/cmd/xrf/main.go:1092.62,1094.5 1 0
github.com/Joe-oss9527/xrf-go/cmd/xrf/main.go:1096.4,1098.14 3 0
github.com/Joe-oss9527/xrf-go/cmd/xrf/main.go:1102.2,1103.12 2 0
github.com/Joe-oss9527/xrf-go/cmd/xrf/main.go:1106.40,1121.55 3 0
github.com/Joe-oss9527/xrf-go/cmd/xrf/main.go:1121.55,1122.16 1 0
github.com/Joe-oss9527/xrf-go/cmd/xrf/main.go:1122.16,1124.5 1 0
github.com/Joe-oss9527/xrf-go/cmd/xrf/main.go:1125.4,1125.40 1 0
github.com/Joe-oss9527/xrf-go/cmd/xrf/main.go:1127.55,1128.16 1 0
github.com/Joe-oss9527/xrf-go/cmd/xrf/main.go:1128.16,1131.19 2 0
github.com/Joe-oss9527/xrf-go/cmd/xrf/main.go:1131.19,1133.6 1 0
github.com/Joe-oss9527/xrf-go/cmd/xrf/main.go:1135.5,1136.40 2 0
github.com/Joe-oss9527/xrf-go/cmd/xrf/main.go:1136.40,1138.6 1 0
github.com/Joe-oss9527/xrf-go/cmd/xrf/main.go:1139.5,1139.15 1 0
github.com/Joe-oss9527/xrf-go/cmd/xrf/main.go:1142.4,1149.18 5 0
github.com/Joe-oss9527/xrf-go/cmd/xrf/main.go:1149.18,1151.5 1 0
github.com/Joe-oss9527/xrf-go/cmd/xrf/main.go:1154.4,1154.24 1 0
github.com/Joe-oss9527/xrf-go/cmd/xrf/main.go:1154.24,1156.5 1 0
github.com/Joe-oss9527/xrf-go/cmd/xrf/main.go:1158.4,1162.24 3 0
github.com/Joe-oss9527/xrf-go/cmd/xrf/main.go:1162.24,1166.5 3 0
github.com/Joe-oss9527/xrf-go/cmd/xrf/main.go:1168.4,1168.14 1 0
github.com/Joe-oss9527/xrf-go/cmd/xrf/main.go:1172.2,1175.12 3 0
github.com/Joe-oss9527/xrf-go/cmd/xrf/main.go:1178.39,1192.55 2 0
github.com/Joe-oss9527/xrf-go/cmd/xrf/main.go:1192.55,1197.18 3 0
github.com/Joe-oss9527/xrf-go/cmd/xrf/main.go:1197.18,1199.5 1 0
github.com/Joe-oss9527/xrf-go/cmd/xrf/main.go:1202.4,1202.24 1 0
github.com/Joe-oss9527/xrf-go/cmd/xrf/main.go:1202.24,1204.5 1 0
github.com/Joe-oss9527/xrf-go/cmd/xrf/main.go:1207.4,1210.24 2 0
github.com/Joe-oss9527/xrf-go/cmd/xrf/main.go:1210.24,1214.5 3 0
github.com/Joe-oss9527/xrf-go/cmd/xrf/main.go:1217.4,1217.36 1 0
github.com/Joe-oss9527/xrf-go/cmd/xrf/main.go:1217.36,1220.5 2 0
github.com/Joe-oss9527/xrf-go/cmd/xrf/main.go:1222.4,1222.14 1 0
github.com/Joe-oss9527/xrf-go/cmd/xrf/main.go:1226.2,1228.12 2 0
github.com/Joe-oss9527/xrf-go/cmd/xrf/main.go:1231.41,1248.55 4 0
github.com/Joe-oss9527/xrf-go/cmd/xrf/main.go:1248.55,1260.34 4 0
github.com/Joe-oss9527/xrf-go/cmd/xrf/main.go:1260.34,1261.44 1 0
github.com/Joe-oss9527/xrf-go/cmd/xrf/main.go:1261.44,1263.11 2 0
github.com/Joe-oss9527/xrf-go/cmd/xrf/main.go:1268.4,1268.21 1 0
github.com/Joe-oss9527/xrf-go/cmd/xrf/main.go:1268.21,1269.15 1 0
github.com/Joe-oss9527/xrf-go/cmd/xrf/main.go:1269.15,1271.6 1 0
github.com/Joe-oss9527/xrf-go/cmd/xrf/main.go:1271.11,1273.6 1 0
github.com/Joe-oss9527/xrf-go/cmd/xrf/main.go:1276.4,1279.14 2 0
github.com/Joe-oss9527/xrf-go/cmd/xrf/main.go:1279.14,1281.5 1 0
github.com/Joe-oss9527/xrf-go/cmd/xrf/main.go:1281.10,1283.5 1 0
github.com/Joe-oss9527/xrf-go/cmd/xrf/main.go:1287.2,1291.12 4 0
github.com/Joe-oss9527/xrf-go/cmd/xrf/main.go:1294.44,1298.55 1 0
github.com/Joe-oss9527/xrf-go/cmd/xrf/main.go:1298.55,1301.23 3 0
github.com/Joe-oss9527/xrf-go/cmd/xrf/main.go:1301.23,1303.5 1 0
github.com/Joe-oss9527/xrf-go/cmd/xrf/main.go:1304.4,1305.23 2 0
github.com/Joe-oss9527/xrf-go/cmd/xrf/main.go:1305.23,1307.5 1 0
github.com/Joe-oss9527/xrf-go/cmd/xrf/main.go:1308.4,1309.14 2 0
github.com/Joe-oss9527/xrf-go/cmd/xrf/main.go:1314.40,1335.2 3 0
github.com/Joe-oss9527/xrf-go/cmd/xrf/main.go:1337.47,1352.55 2 0
github.com/Joe-oss9527/xrf-go/cmd/xrf/main.go:1352.55,1355.19 2 0
github.com/Joe-oss9527/xrf-go/cmd/xrf/main.go:1355.19,1357.5 1 0
github.com/Joe-oss9527/xrf-go/cmd/xrf/main.go:1359.4,1365.15 5 0
github.com/Joe-oss9527/xrf-go/cmd/xrf/main.go:1365.15,1368.5 2 0
github.com/Joe-oss9527/xrf-go/cmd/xrf/main.go:1371.4,1371.47 1 0
github.com/Joe-oss9527/xrf-go/cmd/xrf/main.go:1371.47,1373.5 1 0
github.com/Joe-oss9527/xrf-go/cmd/xrf/main.go:1376.4,1376.70 1 0
github.com/Joe-oss9527/xrf-go/cmd/xrf/main.go:1376.70,1378.5 1 0
github.com/Joe-oss9527/xrf-go/cmd/xrf/main.go:1380.4,1381.14 2 0
github.com/Joe-oss9527/xrf-go/cmd/xrf/main.go:1385.2,1387.54 3 0
github.com/Joe-oss9527/xrf-go/cmd/xrf/main.go:1387.54,1388.71 1 0
github.com/Joe-oss9527/xrf-go/cmd/xrf/main.go:1391.2,1391.12 1 0
github.com/Joe-oss9527/xrf-go/cmd/xrf/main.go:1394.45,1408.55 2 0
github.com/Joe-oss9527/xrf-go/cmd/xrf/main.go:1408.55,1409.19 1 0
github.com/Joe-oss9527/xrf-go/cmd/xrf/main.go:1409.19,1411.5 1 0
github.com/Joe-oss9527/xrf-go/cmd/xrf/main.go:1414.4,1415.47 2 0
github.com/Joe-oss9527/xrf-go/cmd/xrf/main.go:1415.47,1417.5 1 0
github.com/Joe-oss9527/xrf-go/cmd/xrf/main.go:1419.4,1419.11 1 0
github.com/Joe-oss9527/xrf-go/cmd/xrf/main.go:1419.11,1422.5 2 0
github.com/Joe-oss9527/xrf-go/cmd/xrf/main.go:1424.4,1424.22 1 0
github.com/Joe-oss9527/xrf-go/cmd/xrf/main.go:1424.22,1426.5 1 0
github.com/Joe-oss9527/xrf-go/cmd/xrf/main.go:1428.4,1432.43 4 0
github.com/Joe-oss9527/xrf-go/cmd/xrf/main.go:1436.2,1438.54 3 0
github.com/Joe-oss9527/xrf-go/cmd/xrf/main.go:1438.54,1439.71 1 0
github.com/Joe-oss9527/xrf-go/cmd/xrf/main.go:1442.2,1442.12 1 0
github.com/Joe-oss9527/xrf-go/cmd/xrf/main.go:1445.46,1450.55 1 0
github.com/Joe-oss9527/xrf-go/cmd/xrf/main.go:1450.55,1458.4 3 0
github.com/Joe-oss9527/xrf-go/cmd/xrf/main.go:1462.49,1475.55 2 0
github.com/Joe-oss9527/xrf-go/cmd/xrf/main.go:1475.55,1476.19 1 0
github.com/Joe-oss9527/xrf-go/cmd/xrf/main.go:1476.19,1478.5 1 0
github.com/Joe-oss9527/xrf-go/cmd/xrf/main.go:1481.4,1483.14 2 0
github.com/Joe-oss9527/xrf-go/cmd/xrf/main.go:1483.14,1486.5 2 0
github.com/Joe-oss9527/xrf-go/cmd/xrf/main.go:1488.4,1489.14 2 0
github.com/Joe-oss9527/xrf-go/cmd/xrf/main.go:1493.2,1495.54 3 0
github.com/Joe-oss9527/xrf-go/cmd/xrf/main.go:1495.54,1496.71 1 0
github.com/Joe-oss9527/xrf-go/cmd/xrf/main.go:1499.2,1499.12 1 0
github.com/Joe-oss9527/xrf-go/cmd/xrf/main.go:1502.42,1527.2 3 0
github.com/Joe-oss9527/xrf-go/cmd/xrf/main.go:1529.49,1534.55 1 0
github.com/Joe-oss9527/xrf-go/cmd/xrf/main.go:1534.55,1541.50 3 0
github.com/Joe-oss9527/xrf-go/cmd/xrf/main.go:1541.50,1543.5 1 0
github.com/Joe-oss9527/xrf-go/cmd/xrf/main.go:1545.4,1546.14 2 0
github.com/Joe-oss9527/xrf-go/cmd/xrf/main.go:1551.48,1564.55 2 0
github.com/Joe-oss9527/xrf-go/cmd/xrf/main.go:1564.55,1565.20 1 0
github.com/Joe-oss9527/xrf-go/cmd/xrf/main.go:1565.20,1567.5 1 0
github.com/Joe-oss9527/xrf-go/cmd/xrf/main.go:1568.4,1568.22 1 0
github.com/Joe-oss9527/xrf-go/cmd/xrf/main.go:1568.22,1570.5 1 0
github.com/Joe-oss9527/xrf-go/cmd/xrf/main.go:1572.4,1580.75 5 0
github.com/Joe-oss9527/xrf-go/cmd/xrf/main.go:1580.75,1582.5 1 0
github.com/Joe-oss9527/xrf-go/cmd/xrf/main.go:1584.4,1585.14 2 0
github.com/Joe-oss9527/xrf-go/cmd/xrf/main.go:1589.2,1591.55 3 0
github.com/Joe-oss9527/xrf-go/cmd/xrf/main.go:1591.55,1592.72 1 0
github.com/Joe-oss9527/xrf-go/cmd/xrf/main.go:1594.2,1594.57 1 0
github.com/Joe-oss9527/xrf-go/cmd/xrf/main.go:1594.57,1595.74 1 0
github.com/Joe-oss9527/xrf-go/cmd/xrf/main.go:1598.2,1598.12 1 0
github.com/Joe-oss9527/xrf-go/cmd/xrf/main.go:1601.46,1614.55 2 0
github.com/Joe-oss9527/xrf-go/cmd/xrf/main.go:1614.55,1615.20 1 0
github.com/Joe-oss9527/xrf-go/cmd/xrf/main.go:1615.20,1617.5 1 0
github.com/Joe-oss9527/xrf-go/cmd/xrf/main.go:1618.4,1618.22 1 0
github.com/Joe-oss9527/xrf-go/cmd/xrf/main.go:1618.22,1620.5 1 0
github.com/Joe-oss9527/xrf-go/cmd/xrf/main.go:1622.4,1630.74 5 0
github.com/Joe-oss9527/xrf-go/cmd/xrf/main.go:1630.74,1632.5 1 0
github.com/Joe-oss9527/xrf-go/cmd/xrf/main.go:1634.4,1635.14 2 0
github.com/Joe-oss9527/xrf-go/cmd/xrf/main.go:1639.2,1641.55 3 0
github.com/Joe-oss9527/xrf-go/cmd/xrf/main.go:1641.55,1642.72 1 0
github.com/Joe-oss9527/xrf-go/cmd/xrf/main.go:1644.2,1644.53 1 0
github.com/Joe-oss9527/xrf-go/cmd/xrf/main.go:1644.53,1645.70 1 0
github.com/Joe-oss9527/xrf-go/cmd/xrf/main.go:1648.2,1648.12 1 0
github.com/Joe-oss9527/xrf-go/cmd/xrf/main.go:1651.48,1656.55 1 0
github.com/Joe-oss9527/xrf-go/cmd/xrf/main.go:1656.55,1664.18 4 0
github.com/Joe-oss9527/xrf-go/cmd/xrf/main.go:1664.18,1666.5 1 0
github.com/Joe-oss9527/xrf-go/cmd/xrf/main.go:1668.4,1669.54 2 0
github.com/Joe-oss9527/xrf-go/cmd/xrf/main.go:1669.54,1670.29 1 0
github.com/Joe-oss9527/xrf-go/cmd/xrf/main.go:1670.29,1672.6 1 0
github.com/Joe-oss9527/xrf-go/cmd/xrf/main.go:1673.5,1673.17 1 0
github.com/Joe-oss9527/xrf-go/cmd/xrf/main.go:1676.4,1676.14 1 0
github.com/Joe-oss9527/xrf-go/cmd/xrf/main.go:1681.47,1686.55 1 0
github.com/Joe-oss9527/xrf-go/cmd/xrf/main.go:1686.55,1693.50 3 0
github.com/Joe-oss9527/xrf-go/cmd/xrf/main.go:1693.50,1695.5 1 0
github.com/Joe-oss9527/xrf-go/cmd/xrf/main.go:1697.4,1697.14 1 0
github.com/Joe-oss9527/xrf-go/cmd/xrf/main.go:1702.46,1707.55 1 0
github.com/Joe-oss9527/xrf-go/cmd/xrf/main.go:1707.55,1714.49 3 0
github.com/Joe-oss9527/xrf-go/cmd/xrf/main.go:1714.49,1716.5 1 0
github.com/Joe-oss9527/xrf-go/cmd/xrf/main.go:1718.4,1718.14 1 0
github.com/Joe-oss9527/xrf-go/cmd/xrf/main.go:1726.39,1731.55 1 0
github.com/Joe-oss9527/xrf-go/cmd/xrf/main.go:1731.55,1735.30 3 0
github.com/Joe-oss9527/xrf-go/cmd/xrf/main.go:1735.30,1738.5 2 0
github.com/Joe-oss9527/xrf-go/cmd/xrf/main.go:1740.4,1740.51 1 0
github.com/Joe-oss9527/xrf-go/cmd/xrf/main.go:1746.40,1754.55 3 0
github.com/Joe-oss9527/xrf-go/cmd/xrf/main.go:1754.55,1757.25 2 0
github.com/Joe-oss9527/xrf-go/cmd/xrf/main.go:1757.25,1759.5 1 0
github.com/Joe-oss9527/xrf-go/cmd/xrf/main.go:1761.4,1761.14 1 0
github.com/Joe-oss9527/xrf-go/cmd/xrf/main.go:1761.14,1763.39 2 0
github.com/Joe-oss9527/xrf-go/cmd/xrf/main.go:1763.39,1765.6 1 0
github.com/Joe-oss9527/xrf-go/cmd/xrf/main.go:1766.5,1767.15 2 0
github.com/Joe-oss9527/xrf-go/cmd/xrf/main.go:1770.4,1770.15 1 0
github.com/Joe-oss9527/xrf-go/cmd/xrf/main.go:1770.15,1772.40 2 0
github.com/Joe-oss9527/xrf-go/cmd/xrf/main.go:1772.40,1774.6 1 0
github.com/Joe-oss9527/xrf-go/cmd/xrf/main.go:1775.5,1776.15 2 0
github.com/Joe-oss9527/xrf-go/cmd/xrf/main.go:1780.4,1781.18 2 0
github.com/Joe-oss9527/xrf-go/cmd/xrf/main.go:1781.18,1783.5 1 0
github.com/Joe-oss9527/xrf-go/cmd/xrf/main.go:1785.4,1786.14 2 0
github.com/Joe-oss9527/xrf-go/cmd/xrf/main.go:1790.2,1793.12 3 0
github.com/Joe-oss9527/xrf-go/cmd/xrf/main.go:1797.43,1803.55 1 0
github.com/Joe-oss9527/xrf-go/cmd/xrf/main.go:1803.55,1811.18 5 0
github.com/Joe-oss9527/xrf-go/cmd/xrf/main.go:1811.18,1813.5 1 0
github.com/Joe-oss9527/xrf-go/cmd/xrf/main.go:1815.4,1819.39 3 0
github.com/Joe-oss9527/xrf-go/cmd/xrf/main.go:1819.39,1821.51 1 0
github.com/Joe-oss9527/xrf-go/cmd/xrf/main.go:1821.51,1824.11 3 0
github.com/Joe-oss9527/xrf-go/cmd/xrf/main.go:1828.4,1828.20 1 0
github.com/Joe-oss9527/xrf-go/cmd/xrf/main.go:1828.20,1830.5 1 0
github.com/Joe-oss9527/xrf-go/cmd/xrf/main.go:1833.4,1836.14 3 0
github.com/Joe-oss9527/xrf-go/cmd/xrf/main.go:1842.46,1847.55 1 0
github.com/Joe-oss9527/xrf-go/cmd/xrf/main.go:1847.55,1852.18 3 0
github.com/Joe-oss9527/xrf-go/cmd/xrf/main.go:1852.18,1854.5 1 0
github.com/Joe-oss9527/xrf-go/cmd/xrf/main.go:1856.4,1856.27 1 0
github.com/Joe-oss9527/xrf-go/cmd/xrf/main.go:1856.27,1859.5 2 0
github.com/Joe-oss9527/xrf-go/cmd/xrf/main.go:1861.4,1863.39 2 0
github.com/Joe-oss9527/xrf-go/cmd/xrf/main.go:1863.39,1866.5 1 0
github.com/Joe-oss9527/xrf-go/cmd/xrf/main.go:1868.4,1871.14 3 0
github.com/Joe-oss9527/xrf-go/cmd/xrf/main.go:1877.43,1884.55 2 0
github.com/Joe-oss9527/xrf-go/cmd/xrf/main.go:1884.55,1889.18 3 0
github.com/Joe-oss9527/xrf-go/cmd/xrf/main.go:1889.18,1891.5 1 0
github.com/Joe-oss9527/xrf-go/cmd/xrf/main.go:1891.10,1893.5 1 0
github.com/Joe-oss9527/xrf-go/cmd/xrf/main.go:1896.4,1898.18 3 0
github.com/Joe-oss9527/xrf-go/cmd/xrf/main.go:1898.18,1900.5 1 0
github.com/Joe-oss9527/xrf-go/cmd/xrf/main.go:1902.4,1904.49 2 0
github.com/Joe-oss9527/xrf-go/cmd/xrf/main.go:1904.49,1907.5 2 0
github.com/Joe-oss9527/xrf-go/cmd/xrf/main.go:1910.4,1911.62 2 0
github.com/Joe-oss9527/xrf-go/cmd/xrf/main.go:1911.62,1913.5 1 0
github.com/Joe-oss9527/xrf-go/cmd/xrf/main.go:1915.4,1918.14 3 0
github.com/Joe-oss9527/xrf-go/cmd/xrf/main.go:1922.2,1924.12 2 0
github.com/Joe-oss9527/xrf-go/cmd/xrf/main.go:1928.42,1938.55 5 0
github.com/Joe-oss9527/xrf-go/cmd/xrf/main.go:1938.55,1941.11 2 0
github.com/Joe-oss9527/xrf-go/cmd/xrf/main.go:1941.11,1945.5 3 0
github.com/Joe-oss9527/xrf-go/cmd/xrf/main.go:1947.4,1947.34 1 0
github.com/Joe-oss9527/xrf-go/cmd/xrf/main.go:1947.34,1950.5 1 0
github.com/Joe-oss9527/xrf-go/cmd/xrf/main.go:1952.4,1952.12 1 0
github.com/Joe-oss9527/xrf-go/cmd/xrf/main.go:1952.12,1954.39 2 0
github.com/Joe-oss9527/xrf-go/cmd/xrf/main.go:1954.39,1956.6 1 0
github.com/Joe-oss9527/xrf-go/cmd/xrf/main.go:1956.11,1958.6 1 0
github.com/Joe-oss9527/xrf-go/cmd/xrf/main.go:1961.4,1961.15 1 0
github.com/Joe-oss9527/xrf-go/cmd/xrf/main.go:1961.15,1963.48 2 0
github.com/Joe-oss9527/xrf-go/cmd/xrf/main.go:1963.48,1965.6 1 0
github.com/Joe-oss9527/xrf-go/cmd/xrf/main.go:1965.11,1967.6 1 0
github.com/Joe-oss9527/xrf-go/cmd/xrf/main.go:1970.4,1970.12 1 0
github.com/Joe-oss9527/xrf-go/cmd/xrf/main.go:1970.12,1972.44 2 0
github.com/Joe-oss9527/xrf-go/cmd/xrf/main.go:1972.44,1974.6 1 0
github.com/Joe-oss9527/xrf-go/cmd/xrf/main.go:1974.11,1976.6 1 0
github.com/Joe-oss9527/xrf-go/cmd/xrf/main.go:1979.4,1979.14 1 0
github.com/Joe-oss9527/xrf-go/cmd/xrf/main.go:1983.2,1988.12 5 0
github.com/Joe-oss9527/xrf-go/cmd/xrf/main.go:1993.24,2001.31 2 0
github.com/Joe-oss9527/xrf-go/cmd/xrf/main.go:2001.31,2002.61 1 0
github.com/Joe-oss9527/xrf-go/cmd/xrf/main.go:2002.61,2004.4 1 0
github.com/Joe-oss9527/xrf-go/cmd/xrf/main.go:2007.2,2007.12 1 0
github.com/Joe-oss9527/xrf-go/cmd/xrf/main.go:2010.25,2018.31 2 0
github.com/Joe-oss9527/xrf-go/cmd/xrf/main.go:2018.31,2019.61 1 0
github.com/Joe-oss9527/xrf-go/cmd/xrf/main.go:2019.61,2021.4 1 0
github.com/Joe-oss9527/xrf-go/cmd/xrf/main.go:2024.2,2024.12 1 0
github.com/Joe-oss9527/xrf-go/cmd/xrf/main.go:2027.37,2031.16 3 0
github.com/Joe-oss9527/xrf-go/cmd/xrf/main.go:2031.16,2033.3 1 0
github.com/Joe-oss9527/xrf-go/cmd/xrf/main.go:2035.2,2036.37 2 0
github.com/Joe-oss9527/xrf-go/cmd/xrf/main.go:2036.37,2038.3 1 0
github.com/Joe-oss9527/xrf-go/cmd/xrf/main.go:2040.2,2040.25 1 0
github.com/Joe-oss9527/xrf-go/cmd/xrf/main.go:2043.46,2046.16 3 0
github.com/Joe-oss9527/xrf-go/cmd/xrf/main.go:2046.16,2048.3 1 0
github.com/Joe-oss9527/xrf-go/cmd/xrf/main.go:2051.2,2052.29 2 0
github.com/Joe-oss9527/xrf-go/cmd/xrf/main.go:2052.29,2053.37 1 0
github.com/Joe-oss9527/xrf-go/cmd/xrf/main.go:2053.37,2055.31 2 0
github.com/Joe-oss9527/xrf-go/cmd/xrf/main.go:2055.31,2056.43 1 0
github.com/Joe-oss9527/xrf-go/cmd/xrf/main.go:2056.43,2058.79 2 0
github.com/Joe-oss9527/xrf-go/cmd/xrf/main.go:2058.79,2060.7 1 0
github.com/Joe-oss9527/xrf-go/cmd/xrf/main.go:2061.6,2061.50 1 0
github.com/Joe-oss9527/xrf-go/cmd/xrf/main.go:2061.50,2063.7 1 0
github.com/Joe-oss9527/xrf-go/cmd/xrf/main.go:2065.5,2065.46 1 0
github.com/Joe-oss9527/xrf-go/cmd/xrf/main.go:2065.46,2067.50 2 0
github.com/Joe-oss9527/xrf-go/cmd/xrf/main.go:2067.50,2069.7 1 0
github.com/Joe-oss9527/xrf-go/cmd/xrf/main.go:2075.2,2075.23 1 0
github.com/Joe-oss9527/xrf-go/cmd/xrf/main.go:2078.45,2080.81 1 0
github.com/Joe-oss9527/xrf-go/cmd/xrf/main.go:2080.81,2082.3 1 0
github.com/Joe-oss9527/xrf-go/cmd/xrf/main.go:2084.2,2085.16 2 0
github.com/Joe-oss9527/xrf-go/cmd/xrf/main.go:2085.16,2087.3 1 0
github.com/Joe-oss9527/xrf-go/cmd/xrf/main.go:2088.2,2090.68 3 0
github.com/Joe-oss9527/xrf-go/cmd/xrf/main.go:2090.68,2092.3 1 0
github.com/Joe-oss9527/xrf-go/cmd/xrf/main.go:2094.2,2096.16 3 0
github.com/Joe-oss9527/xrf-go/cmd/xrf/main.go:2096.16,2098.3 1 0
github.com/Joe-oss9527/xrf-go/cmd/xrf/main.go:2099.2,2100.38 2 0
github.com/Joe-oss9527/xrf-go/cmd/xrf/main.go:2100.38,2102.3 1 0
github.com/Joe-oss9527/xrf-go/cmd/xrf/main.go:2103.2,2106.62 2 0
github.com/Joe-oss9527/xrf-go/cmd/xrf/main.go:2106.62,2108.3 1 0
github.com/Joe-oss9527/xrf-go/cmd/xrf/main.go:2109.2,2109.21 1 0
github.com/Joe-oss9527/xrf-go/cmd/xrf/main.go:2109.21,2111.3 1 0
github.com/Joe-oss9527/xrf-go/cmd/xrf/main.go:2112.2,2112.23 1 0
github.com/Joe-oss9527/xrf-go/cmd/xrf/main.go:2115.52,2117.16 2 0
github.com/Joe-oss9527/xrf-go/cmd/xrf/main.go:2117.16,2119.3 1 0
github.com/Joe-oss9527/xrf-go/cmd/xrf/main.go:2120.2,2122.16 3 0
github.com/Joe-oss9527/xrf-go/cmd/xrf/main.go:2122.16,2124.3 1 0
github.com/Joe-oss9527/xrf-go/cmd/xrf/main.go:2125.2,2125.23 1 0
github.com/Joe-oss9527/xrf-go/cmd/xrf/main.go:2129.100,2131.16 2 0
github.com/Joe-oss9527/xrf-go/cmd/xrf/main.go:2131.16,2133.3 1 0
github.com/Joe-oss9527/xrf-go/cmd/xrf/main.go:2134.2,2134.14 1 0
github.com/Joe-oss9527/xrf-go/cmd/xrf/main.go:2135.28,2135.28 0 0
github.com/Joe-oss9527/xrf-go/cmd/xrf/main.go:2136.10,2137.91 1 0
github.com/Joe-oss9527/xrf-go/cmd/xrf/main.go:2140.2,2141.16 2 0
github.com/Joe-oss9527/xrf-go/cmd/xrf/main.go:2141.16,2143.3 1 0
github.com/Joe-oss9527/xrf-go/cmd/xrf/main.go:2144.2,2144.14 1 0
github.com/Joe-oss9527/xrf-go/cmd/xrf/main.go:2145.36,2145.36 0 0
github.com/Joe-oss9527/xrf-go/cmd/xrf/main.go:2146.10,2147.90 1 0
github.com/Joe-oss9527/xrf-go/cmd/xrf/main.go:2150.2,2150.49 1 0
github.com/Joe-oss9527/xrf-go/cmd/xrf/main.go:2150.49,2152.3 1 0
github.com/Joe-oss9527/xrf-go/cmd/xrf/main.go:2153.2,2153.49 1 0
github.com/Joe-oss9527/xrf-go/cmd/xrf/main.go:2153.49,2155.3 1 0
github.com/Joe-oss9527/xrf-go/cmd/xrf/main.go:2156.2,2156.51 1 0
github.com/Joe-oss9527/xrf-go/cmd/xrf/main.go:2156.51,2158.3 1 0
github.com/Joe-oss9527/xrf-go/cmd/xrf/main.go:2161.2,2163.22 3 0
github.com/Joe-oss9527/xrf-go/cmd/xrf/main.go:2163.22,2165.17 2 0
github.com/Joe-oss9527/xrf-go/cmd/xrf/main.go:2165.17,2167.4 1 0
github.com/Joe-oss9527/xrf-go/cmd/xrf/main.go:2168.8,2171.17 2 0
github.com/Joe-oss9527/xrf-go/cmd/xrf/main.go:2171.17,2173.4 1 0
github.com/Joe-oss9527/xrf-go/cmd/xrf/main.go:2176.2,2179.22 4 0
github.com/Joe-oss9527/xrf-go/cmd/xrf/main.go:2182.36,2184.17 2 0
github.com/Joe-oss9527/xrf-go/cmd/xrf/main.go:2184.17,2186.3 1 0
github.com/Joe-oss9527/xrf-go/cmd/xrf/main.go:2188.2,2189.23 2 0
github.com/Joe-oss9527/xrf-go/cmd/xrf/main.go:2189.23,2191.3 1 0
github.com/Joe-oss9527/xrf-go/cmd/xrf/main.go:2192.2,2192.12 1 0
github.com/Joe-oss9527/xrf-go/cmd/xrf/main.go:2195.40,2196.32 1 0
github.com/Joe-oss9527/xrf-go/cmd/xrf/main.go:2196.32,2198.3 1 0
github.com/Joe-oss9527/xrf-go/cmd/xrf/main.go:2200.2,2201.23 2 0
github.com/Joe-oss9527/xrf-go/cmd/xrf/main.go:2201.23,2203.3 1 0
github.com/Joe-oss9527/xrf-go/cmd/xrf/main.go:2204.2,2204.12 1 0
github.com/Joe-oss9527/xrf-go/cmd/xrf/main.go:2207.64,2209.38 2 1
github.com/Joe-oss9527/xrf-go/cmd/xrf/main.go:2209.38,2211.51 1 0
github.com/Joe-oss9527/xrf-go/cmd/xrf/main.go:2211.51,2213.17 2 0
github.com/Joe-oss9527/xrf-go/cmd/xrf/main.go:2213.17,2215.5 1 0
github.com/Joe-oss9527/xrf-go/cmd/xrf/main.go:2218.2,2219.33 2 1
github.com/Joe-oss9527/xrf-go/cmd/xrf/main.go:2222.66,2224.16 2 0
github.com/Joe-oss9527/xrf-go/cmd/xrf/main.go:2224.16,2226.3 1 0
github.com/Joe-oss9527/xrf-go/cmd/xrf/main.go:2228.2,2232.34 5 0
github.com/Joe-oss9527/xrf-go/cmd/xrf/main.go:2232.34,2234.3 1 0
github.com/Joe-oss9527/xrf-go/cmd/xrf/main.go:2235.2,2235.26 1 0
github.com/Joe-oss9527/xrf-go/cmd/xrf/main.go:2238.24,2245.32 2 0
github.com/Joe-oss9527/xrf-go/cmd/xrf/main.go:2245.32,2248.3 1 0
github.com/Joe-oss9527/xrf-go/cmd/xrf/main.go:2250.2,2250.12 1 0
github.com/Joe-oss9527/xrf-go/cmd/xrf/main.go:2253.33,2260.35 2 0
github.com/Joe-oss9527/xrf-go/cmd/xrf/main.go:2260.35,2263.3 1 0
github.com/Joe-oss9527/xrf-go/cmd/xrf/main.go:2265.2,2265.12 1 0
github.com/Joe-oss9527/xrf-go/cmd/xrf/main.go:2268.29,2275.33 2 0
github.com/Joe-oss9527/xrf-go/cmd/xrf/main.go:2275.33,2278.3 1 0
github.com/Joe-oss9527/xrf-go/cmd/xrf/main.go:2280.2,2280.12 1 0
github.com/Joe-oss9527/xrf-go/pkg/api/client.go:42.46,43.19 1 1
github.com/Joe-oss9527/xrf-go/pkg/api/client.go:43.19,45.3 1 1
github.com/Joe-oss9527/xrf-go/pkg/api/client.go:47.2,50.3 1 1
github.com/Joe-oss9527/xrf-go/pkg/api/client.go:54.37,58.16 2 1
github.com/Joe-oss9527/xrf-go/pkg/api/client.go:58.16,60.3 1 0
github.com/Joe-oss9527/xrf-go/pkg/api/client.go:62.2,63.12 2 1
github.com/Joe-oss9527/xrf-go/pkg/api/client.go:67.35,68.19 1 1
github.com/Joe-oss9527/xrf-go/pkg/api/client.go:68.19,70.3 1 1
github.com/Joe-oss9527/xrf-go/pkg/api/client.go:71.2,71.12 1 1
github.com/Joe-oss9527/xrf-go/pkg/api/client.go:78.61,79.19 1 1
github.com/Joe-oss9527/xrf-go/pkg/api/client.go:79.19,81.3 1 1
github.com/Joe-oss9527/xrf-go/pkg/api/client.go:87.2,87.22 1 0
github.com/Joe-oss9527/xrf-go/pkg/api/client.go:87.22,89.3 1 0
github.com/Joe-oss9527/xrf-go/pkg/api/client.go:91.2,91.45 1 0
github.com/Joe-oss9527/xrf-go/pkg/api/client.go:91.45,93.3 1 0
github.com/Joe-oss9527/xrf-go/pkg/api/client.go:96.2,96.87 1 0
github.com/Joe-oss9527/xrf-go/pkg/api/client.go:101.53,102.19 1 1
github.com/Joe-oss9527/xrf-go/pkg/api/client.go:102.19,104.3 1 1
github.com/Joe-oss9527/xrf-go/pkg/api/client.go:106.2,106.15 1 0
github.com/Joe-oss9527/xrf-go/pkg/api/client.go:106.15,108.3 1 0
github.com/Joe-oss9527/xrf-go/pkg/api/client.go:111.2,111.87 1 0
github.com/Joe-oss9527/xrf-go/pkg/api/client.go:115.63,116.19 1 1
github.com/Joe-oss9527/xrf-go/pkg/api/client.go:116.19,118.3 1 1
github.com/Joe-oss9527/xrf-go/pkg/api/client.go:120.2,120.22 1 0
github.com/Joe-oss9527/xrf-go/pkg/api/client.go:120.22,122.3 1 0
github.com/Joe-oss9527/xrf-go/pkg/api/client.go:125.2,125.87 1 0
github.com/Joe-oss9527/xrf-go/pkg/api/client.go:129.54,130.19 1 1
github.com/Joe-oss9527/xrf-go/pkg/api/client.go:130.19,132.3 1 1
github.com/Joe-oss9527/xrf-go/pkg/api/client.go:134.2,134.15 1 0
github.com/Joe-oss9527/xrf-go/pkg/api/client.go:134.15,136.3 1 0
github.com/Joe-oss9527/xrf-go/pkg/api/client.go:139.2,139.87 1 0
github.com/Joe-oss9527/xrf-go/pkg/api/client.go:144.70,145.19 1 1
github.com/Joe-oss9527/xrf-go/pkg/api/client.go:145.19,147.3 1 1
github.com/Joe-oss9527/xrf-go/pkg/api/client.go:149.2,149.16 1 0
github.com/Joe-oss9527/xrf-go/pkg/api/client.go:149.16,151.3 1 0
github.com/Joe-oss9527/xrf-go/pkg/api/client.go:154.2,154.90 1 0
github.com/Joe-oss9527/xrf-go/pkg/api/client.go:158.86,159.19 1 1
github.com/Joe-oss9527/xrf-go/pkg/api/client.go:159.19,161.3 1 1
github.com/Joe-oss9527/xrf-go/pkg/api/client.go:164.2,164.92 1 0
github.com/Joe-oss9527/xrf-go/pkg/api/client.go:169.41,170.19 1 1
github.com/Joe-oss9527/xrf-go/pkg/api/client.go:170.19,172.3 1 1
github.com/Joe-oss9527/xrf-go/pkg/api/client.go:175.2,175.87 1 0
github.com/Joe-oss9527/xrf-go/pkg/api/client.go:179.62,180.19 1 1
github.com/Joe-oss9527/xrf-go/pkg/api/client.go:180.19,182.3 1 1
github.com/Joe-oss9527/xrf-go/pkg/api/client.go:185.2,185.92 1 0
github.com/Joe-oss9527/xrf-go/pkg/api/client.go:189.64,190.19 1 1
github.com/Joe-oss9527/xrf-go/pkg/api/client.go:190.19,192.3 1 1
github.com/Joe-oss9527/xrf-go/pkg/api/client.go:195.2,195.92 1 0
github.com/Joe-oss9527/xrf-go/pkg/api/client.go:199.55,201.2 1 1
github.com/Joe-oss9527/xrf-go/pkg/api/client.go:204.40,206.2 1 1
github.com/Joe-oss9527/xrf-go/pkg/api/client.go:209.41,211.2 1 1
github.com/Joe-oss9527/xrf-go/pkg/config/manager.go:38.54,39.19 1 1
github.com/Joe-oss9527/xrf-go/pkg/config/manager.go:39.19,41.3 1 0
github.com/Joe-oss9527/xrf-go/pkg/config/manager.go:43.2,47.3 1 1
github.com/Joe-oss9527/xrf-go/pkg/config/manager.go:51.45,53.54 1 1
github.com/Joe-oss9527/xrf-go/pkg/config/manager.go:53.54,55.3 1 0
github.com/Joe-oss9527/xrf-go/pkg/config/manager.go:58.2,58.47 1 1
github.com/Joe-oss9527/xrf-go/pkg/config/manager.go:58.47,60.3 1 0
github.com/Joe-oss9527/xrf-go/pkg/config/manager.go:62.2,63.12 2 1
github.com/Joe-oss9527/xrf-go/pkg/config/manager.go:67.52,105.37 2 1
github.com/Joe-oss9527/xrf-go/pkg/config/manager.go:105.37,109.48 2 1
github.com/Joe-oss9527/xrf-go/pkg/config/manager.go:109.48,110.12 1 0
github.com/Joe-oss9527/xrf-go/pkg/config/manager.go:113.3,114.17 2 1
github.com/Joe-oss9527/xrf-go/pkg/config/manager.go:114.17,116.4 1 0
github.com/Joe-oss9527/xrf-go/pkg/config/manager.go:118.3,118.73 1 1
github.com/Joe-oss9527/xrf-go/pkg/config/manager.go:118.73,120.4 1 0
github.com/Joe-oss9527/xrf-go/pkg/config/manager.go:122.3,122.58 1 1
github.com/Joe-oss9527/xrf-go/pkg/config/manager.go:125.2,125.12 1 1
github.com/Joe-oss9527/xrf-go/pkg/config/manager.go:129.102,133.16 2 1
github.com/Joe-oss9527/xrf-go/pkg/config/manager.go:133.16,135.3 1 0
github.com/Joe-oss9527/xrf-go/pkg/config/manager.go:138.2,138.21 1 1
github.com/Joe-oss9527/xrf-go/pkg/config/manager.go:138.21,139.23 1 1
github.com/Joe-oss9527/xrf-go/pkg/config/manager.go:139.23,140.75 1 1
github.com/Joe-oss9527/xrf-go/pkg/config/manager.go:140.75,142.5 1 0
github.com/Joe-oss9527/xrf-go/pkg/config/manager.go:142.10,144.5 1 1
github.com/Joe-oss9527/xrf-go/pkg/config/manager.go:149.2,150.16 2 1
github.com/Joe-oss9527/xrf-go/pkg/config/manager.go:150.16,160.3 2 1
github.com/Joe-oss9527/xrf-go/pkg/config/manager.go:162.2,163.16 2 1
github.com/Joe-oss9527/xrf-go/pkg/config/manager.go:163.16,166.3 2 1
github.com/Joe-oss9527/xrf-go/pkg/config/manager.go:169.2,170.16 2 1
github.com/Joe-oss9527/xrf-go/pkg/config/manager.go:170.16,173.3 2 0
github.com/Joe-oss9527/xrf-go/pkg/config/manager.go:176.2,177.13 2 1
github.com/Joe-oss9527/xrf-go/pkg/config/manager.go:177.13,180.3 2 0
github.com/Joe-oss9527/xrf-go/pkg/config/manager.go:183.2,184.16 2 1
github.com/Joe-oss9527/xrf-go/pkg/config/manager.go:184.16,187.3 2 0
github.com/Joe-oss9527/xrf-go/pkg/config/manager.go:190.2,194.72 3 1
github.com/Joe-oss9527/xrf-go/pkg/config/manager.go:194.72,197.3 2 0
github.com/Joe-oss9527/xrf-go/pkg/config/manager.go:200.2,200.45 1 1
github.com/Joe-oss9527/xrf-go/pkg/config/manager.go:200.45,201.56 1 1
github.com/Joe-oss9527/xrf-go/pkg/config/manager.go:201.56,204.4 2 0
github.com/Joe-oss9527/xrf-go/pkg/config/manager.go:205.8,207.3 1 1
github.com/Joe-oss9527/xrf-go/pkg/config/manager.go:210.2,210.22 1 1
github.com/Joe-oss9527/xrf-go/pkg/config/manager.go:210.22,212.3 1 1
github.com/Joe-oss9527/xrf-go/pkg/config/manager.go:214.2,215.12 2 1
github.com/Joe-oss9527/xrf-go/pkg/config/manager.go:219.59,223.16 2 1
github.com/Joe-oss9527/xrf-go/pkg/config/manager.go:223.16,225.3 1 0
github.com/Joe-oss9527/xrf-go/pkg/config/manager.go:228.2,228.21 1 1
github.com/Joe-oss9527/xrf-go/pkg/config/manager.go:228.21,229.23 1 1
github.com/Joe-oss9527/xrf-go/pkg/config/manager.go:229.23,230.75 1 1
github.com/Joe-oss9527/xrf-go/pkg/config/manager.go:230.75,232.5 1 0
github.com/Joe-oss9527/xrf-go/pkg/config/manager.go:232.10,234.5 1 1
github.com/Joe-oss9527/xrf-go/pkg/config/manager.go:239.2,240.16 2 1
github.com/Joe-oss9527/xrf-go/pkg/config/manager.go:240.16,243.3 2 0
github.com/Joe-oss9527/xrf-go/pkg/config/manager.go:245.2,245.21 1 1
github.com/Joe-oss9527/xrf-go/pkg/config/manager.go:245.21,248.3 2 1
github.com/Joe-oss9527/xrf-go/pkg/config/manager.go:251.2,252.29 2 1
github.com/Joe-oss9527/xrf-go/pkg/config/manager.go:252.29,253.46 1 1
github.com/Joe-oss9527/xrf-go/pkg/config/manager.go:253.46,256.4 2 0
github.com/Joe-oss9527/xrf-go/pkg/config/manager.go:256.9,258.4 1 1
github.com/Joe-oss9527/xrf-go/pkg/config/manager.go:262.2,262.26 1 1
github.com/Joe-oss9527/xrf-go/pkg/config/manager.go:262.26,265.3 2 0
github.com/Joe-oss9527/xrf-go/pkg/config/manager.go:268.2,268.45 1 1
github.com/Joe-oss9527/xrf-go/pkg/config/manager.go:268.45,269.56 1 1
github.com/Joe-oss9527/xrf-go/pkg/config/manager.go:269.56,272.4 2 0
github.com/Joe-oss9527/xrf-go/pkg/config/manager.go:276.2,276.22 1 1
github.com/Joe-oss9527/xrf-go/pkg/config/manager.go:276.22,278.3 1 1
github.com/Joe-oss9527/xrf-go/pkg/config/manager.go:280.2,281.12 2 1
github.com/Joe-oss9527/xrf-go/pkg/config/manager.go:285.66,289.16 3 1
github.com/Joe-oss9527/xrf-go/pkg/config/manager.go:289.16,291.3 1 0
github.com/Joe-oss9527/xrf-go/pkg/config/manager.go:294.2,294.29 1 1
github.com/Joe-oss9527/xrf-go/pkg/config/manager.go:294.29,295.29 1 1
github.com/Joe-oss9527/xrf-go/pkg/config/manager.go:295.29,297.18 2 1
github.com/Joe-oss9527/xrf-go/pkg/config/manager.go:297.18,299.13 2 0
github.com/Joe-oss9527/xrf-go/pkg/config/manager.go:301.4,301.39 1 1
github.com/Joe-oss9527/xrf-go/pkg/config/manager.go:305.2,305.23 1 1
github.com/Joe-oss9527/xrf-go/pkg/config/manager.go:309.91,313.16 2 0
github.com/Joe-oss9527/xrf-go/pkg/config/manager.go:313.16,315.3 1 0
github.com/Joe-oss9527/xrf-go/pkg/config/manager.go:318.2,318.21 1 0
github.com/Joe-oss9527/xrf-go/pkg/config/manager.go:318.21,319.23 1 0
github.com/Joe-oss9527/xrf-go/pkg/config/manager.go:319.23,320.75 1 0
github.com/Joe-oss9527/xrf-go/pkg/config/manager.go:320.75,322.5 1 0
github.com/Joe-oss9527/xrf-go/pkg/config/manager.go:322.10,324.5 1 0
github.com/Joe-oss9527/xrf-go/pkg/config/manager.go:329.2,330.16 2 0
github.com/Joe-oss9527/xrf-go/pkg/config/manager.go:330.16,333.3 2 0
github.com/Joe-oss9527/xrf-go/pkg/config/manager.go:335.2,335.21 1 0
github.com/Joe-oss9527/xrf-go/pkg/config/manager.go:335.21,338.3 2 0
github.com/Joe-oss9527/xrf-go/pkg/config/manager.go:341.2,343.16 3 0
github.com/Joe-oss9527/xrf-go/pkg/config/manager.go:343.16,346.3 2 0
github.com/Joe-oss9527/xrf-go/pkg/config/manager.go:349.2,349.71 1 0
github.com/Joe-oss9527/xrf-go/pkg/config/manager.go:349.71,352.3 2 0
github.com/Joe-oss9527/xrf-go/pkg/config/manager.go:355.2,356.16 2 0
github.com/Joe-oss9527/xrf-go/pkg/config/manager.go:356.16,359.3 2 0
github.com/Joe-oss9527/xrf-go/pkg/config/manager.go:361.2,361.76 1 0
github.com/Joe-oss9527/xrf-go/pkg/config/manager.go:361.76,364.3 2 0
github.com/Joe-oss9527/xrf-go/pkg/config/manager.go:367.2,367.45 1 0
github.com/Joe-oss9527/xrf-go/pkg/config/manager.go:367.45,368.56 1 0
github.com/Joe-oss9527/xrf-go/pkg/config/manager.go:368.56,371.4 2 0
github.com/Joe-oss9527/xrf-go/pkg/config/manager.go:375.2,375.22 1 0
github.com/Joe-oss9527/xrf-go/pkg/config/manager.go:375.22,377.3 1 0
github.com/Joe-oss9527/xrf-go/pkg/config/manager.go:379.2,380.12 2 0
github.com/Joe-oss9527/xrf-go/pkg/config/manager.go:384.49,386.2 1 0
github.com/Joe-oss9527/xrf-go/pkg/config/manager.go:389.47,393.44 2 0
github.com/Joe-oss9527/xrf-go/pkg/config/manager.go:393.44,395.3 1 0
github.com/Joe-oss9527/xrf-go/pkg/config/manager.go:398.2,400.16 3 0
github.com/Joe-oss9527/xrf-go/pkg/config/manager.go:400.16,402.3 1 0
github.com/Joe-oss9527/xrf-go/pkg/config/manager.go:404.2,405.20 2 0
github.com/Joe-oss9527/xrf-go/pkg/config/manager.go:405.20,407.3 1 0
github.com/Joe-oss9527/xrf-go/pkg/config/manager.go:410.2,410.27 1 0
github.com/Joe-oss9527/xrf-go/pkg/config/manager.go:410.27,412.39 2 0
github.com/Joe-oss9527/xrf-go/pkg/config/manager.go:412.39,414.4 1 0
github.com/Joe-oss9527/xrf-go/pkg/config/manager.go:414.9,416.4 1 0
github.com/Joe-oss9527/xrf-go/pkg/config/manager.go:419.2,420.12 2 0
github.com/Joe-oss9527/xrf-go/pkg/config/manager.go:424.71,426.16 2 0
github.com/Joe-oss9527/xrf-go/pkg/config/manager.go:426.16,428.3 1 0
github.com/Joe-oss9527/xrf-go/pkg/config/manager.go:431.2,432.16 2 0
github.com/Joe-oss9527/xrf-go/pkg/config/manager.go:432.16,434.3 1 0
github.com/Joe-oss9527/xrf-go/pkg/config/manager.go:436.2,436.21 1 0
github.com/Joe-oss9527/xrf-go/pkg/config/manager.go:436.21,438.3 1 0
github.com/Joe-oss9527/xrf-go/pkg/config/manager.go:440.2,441.16 2 0
github.com/Joe-oss9527/xrf-go/pkg/config/manager.go:441.16,443.3 1 0
github.com/Joe-oss9527/xrf-go/pkg/config/manager.go:446.2,452.52 5 0
github.com/Joe-oss9527/xrf-go/pkg/config/manager.go:452.52,453.78 1 0
github.com/Joe-oss9527/xrf-go/pkg/config/manager.go:453.78,454.66 1 0
github.com/Joe-oss9527/xrf-go/pkg/config/manager.go:454.66,456.48 1 0
github.com/Joe-oss9527/xrf-go/pkg/config/manager.go:456.48,458.6 1 0
github.com/Joe-oss9527/xrf-go/pkg/config/manager.go:461.5,461.56 1 0
github.com/Joe-oss9527/xrf-go/pkg/config/manager.go:461.56,462.66 1 0
github.com/Joe-oss9527/xrf-go/pkg/config/manager.go:462.66,464.60 1 0
github.com/Joe-oss9527/xrf-go/pkg/config/manager.go:464.60,465.80 1 0
github.com/Joe-oss9527/xrf-go/pkg/config/manager.go:465.80,466.69 1 0
github.com/Joe-oss9527/xrf-go/pkg/config/manager.go:466.69,467.50 1 0
github.com/Joe-oss9527/xrf-go/pkg/config/manager.go:467.50,469.11 1 0
github.com/Joe-oss9527/xrf-go/pkg/config/manager.go:470.10,470.60 1 0
github.com/Joe-oss9527/xrf-go/pkg/config/manager.go:470.60,472.11 1 0
github.com/Joe-oss9527/xrf-go/pkg/config/manager.go:478.7,478.58 1 0
github.com/Joe-oss9527/xrf-go/pkg/config/manager.go:478.58,480.8 1 0
github.com/Joe-oss9527/xrf-go/pkg/config/manager.go:481.7,481.62 1 0
github.com/Joe-oss9527/xrf-go/pkg/config/manager.go:481.62,483.8 1 0
github.com/Joe-oss9527/xrf-go/pkg/config/manager.go:488.5,488.68 1 0
github.com/Joe-oss9527/xrf-go/pkg/config/manager.go:488.68,489.70 1 0
github.com/Joe-oss9527/xrf-go/pkg/config/manager.go:489.70,490.58 1 0
github.com/Joe-oss9527/xrf-go/pkg/config/manager.go:490.58,492.8 1 0
github.com/Joe-oss9527/xrf-go/pkg/config/manager.go:495.7,495.64 1 0
github.com/Joe-oss9527/xrf-go/pkg/config/manager.go:495.64,496.64 1 0
github.com/Joe-oss9527/xrf-go/pkg/config/manager.go:496.64,497.50 1 0
github.com/Joe-oss9527/xrf-go/pkg/config/manager.go:497.50,499.10 1 0
github.com/Joe-oss9527/xrf-go/pkg/config/manager.go:504.7,504.73 1 0
github.com/Joe-oss9527/xrf-go/pkg/config/manager.go:504.73,505.64 1 0
github.com/Joe-oss9527/xrf-go/pkg/config/manager.go:505.64,506.50 1 0
github.com/Joe-oss9527/xrf-go/pkg/config/manager.go:506.50,508.10 1 0
github.com/Joe-oss9527/xrf-go/pkg/config/manager.go:513.7,513.74 1 0
github.com/Joe-oss9527/xrf-go/pkg/config/manager.go:513.74,514.74 1 0
github.com/Joe-oss9527/xrf-go/pkg/config/manager.go:514.74,515.55 1 0
github.com/Joe-oss9527/xrf-go/pkg/config/manager.go:515.55,517.10 1 0
github.com/Joe-oss9527/xrf-go/pkg/config/manager.go:518.9,518.65 1 0
github.com/Joe-oss9527/xrf-go/pkg/config/manager.go:518.65,520.10 1 0
github.com/Joe-oss9527/xrf-go/pkg/config/manager.go:521.9,521.69 1 0
github.com/Joe-oss9527/xrf-go/pkg/config/manager.go:521.69,522.94 1 0
github.com/Joe-oss9527/xrf-go/pkg/config/manager.go:522.94,524.11 1 0
github.com/Joe-oss9527/xrf-go/pkg/config/manager.go:526.9,526.63 1 0
github.com/Joe-oss9527/xrf-go/pkg/config/manager.go:526.63,527.85 1 0
github.com/Joe-oss9527/xrf-go/pkg/config/manager.go:527.85,529.11 1 0
github.com/Joe-oss9527/xrf-go/pkg/config/manager.go:531.9,531.69 1 0
github.com/Joe-oss9527/xrf-go/pkg/config/manager.go:531.69,533.10 1 0
github.com/Joe-oss9527/xrf-go/pkg/config/manager.go:538.7,538.60 1 0
github.com/Joe-oss9527/xrf-go/pkg/config/manager.go:538.60,540.8 1 0
github.com/Joe-oss9527/xrf-go/pkg/config/manager.go:547.2,547.61 1 0
github.com/Joe-oss9527/xrf-go/pkg/config/manager.go:551.64,552.22 1 1
github.com/Joe-oss9527/xrf-go/pkg/config/manager.go:552.22,558.3 4 0
github.com/Joe-oss9527/xrf-go/pkg/config/manager.go:561.2,561.55 1 1
github.com/Joe-oss9527/xrf-go/pkg/config/manager.go:561.55,563.3 1 0
github.com/Joe-oss9527/xrf-go/pkg/config/manager.go:566.2,567.16 2 1
github.com/Joe-oss9527/xrf-go/pkg/config/manager.go:567.16,569.3 1 0
github.com/Joe-oss9527/xrf-go/pkg/config/manager.go:570.2,582.16 4 1
github.com/Joe-oss9527/xrf-go/pkg/config/manager.go:582.16,584.3 1 0
github.com/Joe-oss9527/xrf-go/pkg/config/manager.go:586.2,587.30 2 1
github.com/Joe-oss9527/xrf-go/pkg/config/manager.go:587.30,589.3 1 1
github.com/Joe-oss9527/xrf-go/pkg/config/manager.go:590.2,595.64 4 1
github.com/Joe-oss9527/xrf-go/pkg/config/manager.go:595.64,597.3 1 0
github.com/Joe-oss9527/xrf-go/pkg/config/manager.go:600.2,601.59 2 1
github.com/Joe-oss9527/xrf-go/pkg/config/manager.go:601.59,603.3 1 0
github.com/Joe-oss9527/xrf-go/pkg/config/manager.go:605.2,605.61 1 1
github.com/Joe-oss9527/xrf-go/pkg/config/manager.go:605.61,607.3 1 0
github.com/Joe-oss9527/xrf-go/pkg/config/manager.go:610.2,610.57 1 1
github.com/Joe-oss9527/xrf-go/pkg/config/manager.go:610.57,612.3 1 0
github.com/Joe-oss9527/xrf-go/pkg/config/manager.go:614.2,615.12 2 1
github.com/Joe-oss9527/xrf-go/pkg/config/manager.go:619.65,621.55 1 1
github.com/Joe-oss9527/xrf-go/pkg/config/manager.go:621.55,623.3 1 0
github.com/Joe-oss9527/xrf-go/pkg/config/manager.go:626.2,627.16 2 1
github.com/Joe-oss9527/xrf-go/pkg/config/manager.go:627.16,629.3 1 0
github.com/Joe-oss9527/xrf-go/pkg/config/manager.go:630.2,633.58 2 1
github.com/Joe-oss9527/xrf-go/pkg/config/manager.go:633.58,635.3 1 0
github.com/Joe-oss9527/xrf-go/pkg/config/manager.go:638.2,640.16 3 1
github.com/Joe-oss9527/xrf-go/pkg/config/manager.go:640.16,642.3 1 0
github.com/Joe-oss9527/xrf-go/pkg/config/manager.go:644.2,645.63 2 1
github.com/Joe-oss9527/xrf-go/pkg/config/manager.go:645.63,647.3 1 0
github.com/Joe-oss9527/xrf-go/pkg/config/manager.go:650.2,656.59 6 1
github.com/Joe-oss9527/xrf-go/pkg/config/manager.go:656.59,658.3 1 0
github.com/Joe-oss9527/xrf-go/pkg/config/manager.go:661.2,661.47 1 1
github.com/Joe-oss9527/xrf-go/pkg/config/manager.go:661.47,662.50 1 1
github.com/Joe-oss9527/xrf-go/pkg/config/manager.go:662.50,664.4 1 0
github.com/Joe-oss9527/xrf-go/pkg/config/manager.go:668.2,669.62 2 1
github.com/Joe-oss9527/xrf-go/pkg/config/manager.go:669.62,671.3 1 0
github.com/Joe-oss9527/xrf-go/pkg/config/manager.go:674.2,674.61 1 1
github.com/Joe-oss9527/xrf-go/pkg/config/manager.go:674.61,676.3 1 1
github.com/Joe-oss9527/xrf-go/pkg/config/manager.go:677.2,677.58 1 1
github.com/Joe-oss9527/xrf-go/pkg/config/manager.go:677.58,678.56 1 1
github.com/Joe-oss9527/xrf-go/pkg/config/manager.go:678.56,680.4 1 1
github.com/Joe-oss9527/xrf-go/pkg/config/manager.go:684.2,684.29 1 1
github.com/Joe-oss9527/xrf-go/pkg/config/manager.go:684.29,685.54 1 1
github.com/Joe-oss9527/xrf-go/pkg/config/manager.go:685.54,687.4 1 0
github.com/Joe-oss9527/xrf-go/pkg/config/manager.go:690.2,690.12 1 1
github.com/Joe-oss9527/xrf-go/pkg/config/manager.go:695.37,696.81 1 1
github.com/Joe-oss9527/xrf-go/pkg/config/manager.go:696.81,697.17 1 1
github.com/Joe-oss9527/xrf-go/pkg/config/manager.go:697.17,699.4 1 0
github.com/Joe-oss9527/xrf-go/pkg/config/manager.go:701.3,704.19 3 1
github.com/Joe-oss9527/xrf-go/pkg/config/manager.go:704.19,706.4 1 1
github.com/Joe-oss9527/xrf-go/pkg/config/manager.go:708.3,709.17 2 1
github.com/Joe-oss9527/xrf-go/pkg/config/manager.go:709.17,711.4 1 0
github.com/Joe-oss9527/xrf-go/pkg/config/manager.go:712.3,715.17 3 1
github.com/Joe-oss9527/xrf-go/pkg/config/manager.go:715.17,717.4 1 0
github.com/Joe-oss9527/xrf-go/pkg/config/manager.go:718.3,720.52 2 1
github.com/Joe-oss9527/xrf-go/pkg/config/manager.go:720.52,722.4 1 0
github.com/Joe-oss9527/xrf-go/pkg/config/manager.go:724.3,725.13 2 1
github.com/Joe-oss9527/xrf-go/pkg/config/manager.go:729.48,732.34 2 1
github.com/Joe-oss9527/xrf-go/pkg/config/manager.go:732.34,734.3 1 0
github.com/Joe-oss9527/xrf-go/pkg/config/manager.go:735.2,735.12 1 1
github.com/Joe-oss9527/xrf-go/pkg/config/manager.go:738.49,741.34 2 1
github.com/Joe-oss9527/xrf-go/pkg/config/manager.go:741.34,743.3 1 0
github.com/Joe-oss9527/xrf-go/pkg/config/manager.go:744.2,744.12 1 1
github.com/Joe-oss9527/xrf-go/pkg/config/manager.go:748.132,754.45 2 1
github.com/Joe-oss9527/xrf-go/pkg/config/manager.go:754.45,755.36 1 1
github.com/Joe-oss9527/xrf-go/pkg/config/manager.go:755.36,757.4 1 1
github.com/Joe-oss9527/xrf-go/pkg/config/manager.go:757.9,757.46 1 0
github.com/Joe-oss9527/xrf-go/pkg/config/manager.go:757.46,758.57 1 0
github.com/Joe-oss9527/xrf-go/pkg/config/manager.go:758.57,760.5 1 0
github.com/Joe-oss9527/xrf-go/pkg/config/manager.go:765.2,765.20 1 1
github.com/Joe-oss9527/xrf-go/pkg/config/manager.go:765.20,767.50 1 0
github.com/Joe-oss9527/xrf-go/pkg/config/manager.go:767.50,769.4 1 0
github.com/Joe-oss9527/xrf-go/pkg/config/manager.go:769.9,772.18 2 0
github.com/Joe-oss9527/xrf-go/pkg/config/manager.go:772.18,775.5 2 0
github.com/Joe-oss9527/xrf-go/pkg/config/manager.go:775.10,778.5 2 0
github.com/Joe-oss9527/xrf-go/pkg/config/manager.go:780.8,782.40 1 1
github.com/Joe-oss9527/xrf-go/pkg/config/manager.go:782.40,784.4 1 0
github.com/Joe-oss9527/xrf-go/pkg/config/manager.go:788.2,788.45 1 1
github.com/Joe-oss9527/xrf-go/pkg/config/manager.go:788.45,789.39 1 1
github.com/Joe-oss9527/xrf-go/pkg/config/manager.go:789.39,791.4 1 1
github.com/Joe-oss9527/xrf-go/pkg/config/manager.go:793.2,793.111 1 1
github.com/Joe-oss9527/xrf-go/pkg/config/manager.go:793.111,795.3 1 1
github.com/Joe-oss9527/xrf-go/pkg/config/manager.go:798.2,798.49 1 1
github.com/Joe-oss9527/xrf-go/pkg/config/manager.go:798.49,799.43 1 0
github.com/Joe-oss9527/xrf-go/pkg/config/manager.go:799.43,801.4 1 0
github.com/Joe-oss9527/xrf-go/pkg/config/manager.go:803.2,803.73 1 1
github.com/Joe-oss9527/xrf-go/pkg/config/manager.go:803.73,804.58 1 1
github.com/Joe-oss9527/xrf-go/pkg/config/manager.go:804.58,806.4 1 0
github.com/Joe-oss9527/xrf-go/pkg/config/manager.go:806.9,808.4 1 1
github.com/Joe-oss9527/xrf-go/pkg/config/manager.go:812.2,812.53 1 1
github.com/Joe-oss9527/xrf-go/pkg/config/manager.go:812.53,813.47 1 0
github.com/Joe-oss9527/xrf-go/pkg/config/manager.go:813.47,815.4 1 0
github.com/Joe-oss9527/xrf-go/pkg/config/manager.go:817.2,817.122 1 1
github.com/Joe-oss9527/xrf-go/pkg/config/manager.go:817.122,818.79 1 1
github.com/Joe-oss9527/xrf-go/pkg/config/manager.go:818.79,819.77 1 0
github.com/Joe-oss9527/xrf-go/pkg/config/manager.go:819.77,821.5 1 0
github.com/Joe-oss9527/xrf-go/pkg/config/manager.go:823.3,823.26 1 1
github.com/Joe-oss9527/xrf-go/pkg/config/manager.go:823.26,825.4 1 1
github.com/Joe-oss9527/xrf-go/pkg/config/manager.go:829.2,829.45 1 1
github.com/Joe-oss9527/xrf-go/pkg/config/manager.go:829.45,830.39 1 1
github.com/Joe-oss9527/xrf-go/pkg/config/manager.go:830.39,832.4 1 1
github.com/Joe-oss9527/xrf-go/pkg/config/manager.go:834.2,834.21 1 1
github.com/Joe-oss9527/xrf-go/pkg/config/manager.go:834.21,836.3 1 1
github.com/Joe-oss9527/xrf-go/pkg/config/manager.go:839.2,839.45 1 1
github.com/Joe-oss9527/xrf-go/pkg/config/manager.go:839.45,840.39 1 0
github.com/Joe-oss9527/xrf-go/pkg/config/manager.go:840.39,842.4 1 0
github.com/Joe-oss9527/xrf-go/pkg/config/manager.go:846.2,846.48 1 1
github.com/Joe-oss9527/xrf-go/pkg/config/manager.go:846.48,847.46 1 1
github.com/Joe-oss9527/xrf-go/pkg/config/manager.go:847.46,848.40 1 0
github.com/Joe-oss9527/xrf-go/pkg/config/manager.go:848.40,850.5 1 0
github.com/Joe-oss9527/xrf-go/pkg/config/manager.go:851.9,851.57 1 1
github.com/Joe-oss9527/xrf-go/pkg/config/manager.go:851.57,853.44 1 0
github.com/Joe-oss9527/xrf-go/pkg/config/manager.go:853.44,857.5 3 0
github.com/Joe-oss9527/xrf-go/pkg/config/manager.go:859.3,859.22 1 1
github.com/Joe-oss9527/xrf-go/pkg/config/manager.go:859.22,861.4 1 1
github.com/Joe-oss9527/xrf-go/pkg/config/manager.go:863.3,863.58 1 1
github.com/Joe-oss9527/xrf-go/pkg/config/manager.go:863.58,864.52 1 0
github.com/Joe-oss9527/xrf-go/pkg/config/manager.go:864.52,866.5 1 0
github.com/Joe-oss9527/xrf-go/pkg/config/manager.go:868.3,868.28 1 1
github.com/Joe-oss9527/xrf-go/pkg/config/manager.go:868.28,870.4 1 1
github.com/Joe-oss9527/xrf-go/pkg/config/manager.go:873.3,873.58 1 1
github.com/Joe-oss9527/xrf-go/pkg/config/manager.go:873.58,874.52 1 0
github.com/Joe-oss9527/xrf-go/pkg/config/manager.go:874.52,876.5 1 0
github.com/Joe-oss9527/xrf-go/pkg/config/manager.go:878.3,878.28 1 1
github.com/Joe-oss9527/xrf-go/pkg/config/manager.go:878.28,879.65 1 1
github.com/Joe-oss9527/xrf-go/pkg/config/manager.go:879.65,881.5 1 1
github.com/Joe-oss9527/xrf-go/pkg/config/manager.go:884.3,884.52 1 1
github.com/Joe-oss9527/xrf-go/pkg/config/manager.go:884.52,885.46 1 0
github.com/Joe-oss9527/xrf-go/pkg/config/manager.go:885.46,887.5 1 0
github.com/Joe-oss9527/xrf-go/pkg/config/manager.go:889.3,889.25 1 1
github.com/Joe-oss9527/xrf-go/pkg/config/manager.go:889.25,891.4 1 1
github.com/Joe-oss9527/xrf-go/pkg/config/manager.go:895.2,895.58 1 1
github.com/Joe-oss9527/xrf-go/pkg/config/manager.go:895.58,896.46 1 0
github.com/Joe-oss9527/xrf-go/pkg/config/manager.go:896.46,897.40 1 0
github.com/Joe-oss9527/xrf-go/pkg/config/manager.go:897.40,899.5 1 0
github.com/Joe-oss9527/xrf-go/pkg/config/manager.go:900.9,902.4 1 0
github.com/Joe-oss9527/xrf-go/pkg/config/manager.go:903.3,903.51 1 0
github.com/Joe-oss9527/xrf-go/pkg/config/manager.go:903.51,904.38 1 0
github.com/Joe-oss9527/xrf-go/pkg/config/manager.go:904.38,906.5 1 0
github.com/Joe-oss9527/xrf-go/pkg/config/manager.go:908.3,908.28 1 0
github.com/Joe-oss9527/xrf-go/pkg/config/manager.go:908.28,910.4 1 0
github.com/Joe-oss9527/xrf-go/pkg/config/manager.go:914.2,914.26 1 1
github.com/Joe-oss9527/xrf-go/pkg/config/manager.go:914.26,918.26 2 1
github.com/Joe-oss9527/xrf-go/pkg/config/manager.go:918.26,923.27 3 1
github.com/Joe-oss9527/xrf-go/pkg/config/manager.go:923.27,926.19 2 1
github.com/Joe-oss9527/xrf-go/pkg/config/manager.go:926.19,928.6 1 0
github.com/Joe-oss9527/xrf-go/pkg/config/manager.go:929.5,930.36 2 1
github.com/Joe-oss9527/xrf-go/pkg/config/manager.go:931.10,933.16 1 0
github.com/Joe-oss9527/xrf-go/pkg/config/manager.go:933.16,934.61 1 0
github.com/Joe-oss9527/xrf-go/pkg/config/manager.go:934.61,936.7 1 0
github.com/Joe-oss9527/xrf-go/pkg/config/manager.go:938.5,938.15 1 0
github.com/Joe-oss9527/xrf-go/pkg/config/manager.go:938.15,939.59 1 0
github.com/Joe-oss9527/xrf-go/pkg/config/manager.go:939.59,941.7 1 0
github.com/Joe-oss9527/xrf-go/pkg/config/manager.go:944.9,946.55 1 0
github.com/Joe-oss9527/xrf-go/pkg/config/manager.go:946.55,947.49 1 0
github.com/Joe-oss9527/xrf-go/pkg/config/manager.go:947.49,949.6 1 0
github.com/Joe-oss9527/xrf-go/pkg/config/manager.go:951.4,951.53 1 0
github.com/Joe-oss9527/xrf-go/pkg/config/manager.go:951.53,952.47 1 0
github.com/Joe-oss9527/xrf-go/pkg/config/manager.go:952.47,954.6 1 0
github.com/Joe-oss9527/xrf-go/pkg/config/manager.go:959.2,959.18 1 1
github.com/Joe-oss9527/xrf-go/pkg/config/manager.go:963.94,966.12 2 1
github.com/Joe-oss9527/xrf-go/pkg/config/manager.go:966.12,968.3 1 0
github.com/Joe-oss9527/xrf-go/pkg/config/manager.go:969.2,969.67 1 1
github.com/Joe-oss9527/xrf-go/pkg/config/manager.go:973.73,982.56 2 1
github.com/Joe-oss9527/xrf-go/pkg/config/manager.go:982.56,983.48 1 1
github.com/Joe-oss9527/xrf-go/pkg/config/manager.go:983.48,985.4 1 0
github.com/Joe-oss9527/xrf-go/pkg/config/manager.go:986.3,986.53 1 1
github.com/Joe-oss9527/xrf-go/pkg/config/manager.go:986.53,988.4 1 1
github.com/Joe-oss9527/xrf-go/pkg/config/manager.go:990.2,990.11 1 0
github.com/Joe-oss9527/xrf-go/pkg/config/manager.go:994.66,996.16 2 1
github.com/Joe-oss9527/xrf-go/pkg/config/manager.go:996.16,998.3 1 0
github.com/Joe-oss9527/xrf-go/pkg/config/manager.go:1000.2,1001.29 2 1
github.com/Joe-oss9527/xrf-go/pkg/config/manager.go:1001.29,1002.63 1 1
github.com/Joe-oss9527/xrf-go/pkg/config/manager.go:1002.63,1003.12 1 0
github.com/Joe-oss9527/xrf-go/pkg/config/manager.go:1006.3,1008.48 3 1
github.com/Joe-oss9527/xrf-go/pkg/config/manager.go:1012.2,1012.46 1 1
github.com/Joe-oss9527/xrf-go/pkg/config/manager.go:1012.46,1014.3 1 1
github.com/Joe-oss9527/xrf-go/pkg/config/manager.go:1016.2,1016.25 1 1
github.com/Joe-oss9527/xrf-go/pkg/config/manager.go:1020.74,1025.20 3 1
github.com/Joe-oss9527/xrf-go/pkg/config/manager.go:1025.20,1027.3 1 1
github.com/Joe-oss9527/xrf-go/pkg/config/manager.go:1029.2,1034.12 5 1
github.com/Joe-oss9527/xrf-go/pkg/config/manager.go:1034.12,1036.3 1 0
github.com/Joe-oss9527/xrf-go/pkg/config/manager.go:1038.2,1044.3 1 1
github.com/Joe-oss9527/xrf-go/pkg/config/manager.go:1048.81,1050.16 2 1
github.com/Joe-oss9527/xrf-go/pkg/config/manager.go:1050.16,1052.3 1 0
github.com/Joe-oss9527/xrf-go/pkg/config/manager.go:1054.2,1055.29 2 1
github.com/Joe-oss9527/xrf-go/pkg/config/manager.go:1055.29,1057.17 2 1
github.com/Joe-oss9527/xrf-go/pkg/config/manager.go:1057.17,1058.12 1 0
github.com/Joe-oss9527/xrf-go/pkg/config/manager.go:1061.3,1061.40 1 1
github.com/Joe-oss9527/xrf-go/pkg/config/manager.go:1061.40,1063.4 1 1
github.com/Joe-oss9527/xrf-go/pkg/config/manager.go:1066.2,1066.27 1 1
github.com/Joe-oss9527/xrf-go/pkg/config/manager.go:1070.92,1071.52 1 1
github.com/Joe-oss9527/xrf-go/pkg/config/manager.go:1071.52,1072.54 1 1
github.com/Joe-oss9527/xrf-go/pkg/config/manager.go:1072.54,1073.40 1 1
github.com/Joe-oss9527/xrf-go/pkg/config/manager.go:1073.40,1074.63 1 1
github.com/Joe-oss9527/xrf-go/pkg/config/manager.go:1074.63,1075.57 1 1
github.com/Joe-oss9527/xrf-go/pkg/config/manager.go:1075.57,1076.28 1 1
github.com/Joe-oss9527/xrf-go/pkg/config/manager.go:1076.28,1078.8 1 1
github.com/Joe-oss9527/xrf-go/pkg/config/manager.go:1085.2,1085.54 1 1
github.com/Joe-oss9527/xrf-go/pkg/config/manager.go:1085.54,1086.56 1 1
github.com/Joe-oss9527/xrf-go/pkg/config/manager.go:1086.56,1087.42 1 1
github.com/Joe-oss9527/xrf-go/pkg/config/manager.go:1087.42,1088.65 1 1
github.com/Joe-oss9527/xrf-go/pkg/config/manager.go:1088.65,1089.59 1 1
github.com/Joe-oss9527/xrf-go/pkg/config/manager.go:1089.59,1090.29 1 1
github.com/Joe-oss9527/xrf-go/pkg/config/manager.go:1090.29,1092.8 1 0
github.com/Joe-oss9527/xrf-go/pkg/config/manager.go:1099.2,1099.14 1 1
github.com/Joe-oss9527/xrf-go/pkg/config/manager.go:1103.86,1105.16 2 1
github.com/Joe-oss9527/xrf-go/pkg/config/manager.go:1105.16,1107.3 1 0
github.com/Joe-oss9527/xrf-go/pkg/config/manager.go:1109.2,1110.57 2 1
github.com/Joe-oss9527/xrf-go/pkg/config/manager.go:1110.57,1112.3 1 0
github.com/Joe-oss9527/xrf-go/pkg/config/manager.go:1114.2,1114.20 1 1
github.com/Joe-oss9527/xrf-go/pkg/config/manager.go:1118.83,1120.16 2 1
github.com/Joe-oss9527/xrf-go/pkg/config/manager.go:1120.16,1122.3 1 0
github.com/Joe-oss9527/xrf-go/pkg/config/manager.go:1124.2,1131.52 2 1
github.com/Joe-oss9527/xrf-go/pkg/config/manager.go:1131.52,1132.78 1 1
github.com/Joe-oss9527/xrf-go/pkg/config/manager.go:1132.78,1133.66 1 1
github.com/Joe-oss9527/xrf-go/pkg/config/manager.go:1133.66,1134.56 1 1
github.com/Joe-oss9527/xrf-go/pkg/config/manager.go:1134.56,1136.6 1 1
github.com/Joe-oss9527/xrf-go/pkg/config/manager.go:1137.5,1137.48 1 1
github.com/Joe-oss9527/xrf-go/pkg/config/manager.go:1137.48,1138.43 1 1
github.com/Joe-oss9527/xrf-go/pkg/config/manager.go:1138.43,1140.7 1 1
github.com/Joe-oss9527/xrf-go/pkg/config/manager.go:1142.5,1142.46 1 1
github.com/Joe-oss9527/xrf-go/pkg/config/manager.go:1142.46,1144.6 1 1
github.com/Joe-oss9527/xrf-go/pkg/config/manager.go:1145.5,1145.28 1 1
github.com/Joe-oss9527/xrf-go/pkg/config/manager.go:1150.2,1150.18 1 1
github.com/Joe-oss9527/xrf-go/pkg/config/manager.go:1154.76,1156.16 2 1
github.com/Joe-oss9527/xrf-go/pkg/config/manager.go:1156.16,1158.3 1 0
github.com/Joe-oss9527/xrf-go/pkg/config/manager.go:1160.2,1160.21 1 1
github.com/Joe-oss9527/xrf-go/pkg/config/manager.go:1160.21,1162.3 1 1
github.com/Joe-oss9527/xrf-go/pkg/config/manager.go:1165.2,1167.16 3 1
github.com/Joe-oss9527/xrf-go/pkg/config/manager.go:1167.16,1169.3 1 0
github.com/Joe-oss9527/xrf-go/pkg/config/manager.go:1172.2,1172.70 1 1
github.com/Joe-oss9527/xrf-go/pkg/config/manager.go:1172.70,1178.3 5 1
github.com/Joe-oss9527/xrf-go/pkg/config/manager.go:1180.2,1180.18 1 1
github.com/Joe-oss9527/xrf-go/pkg/config/manager.go:1184.114,1186.37 1 0
github.com/Joe-oss9527/xrf-go/pkg/config/manager.go:1186.37,1187.14 1 0
github.com/Joe-oss9527/xrf-go/pkg/config/manager.go:1188.15,1190.65 1 0
github.com/Joe-oss9527/xrf-go/pkg/config/manager.go:1190.65,1192.5 1 0
github.com/Joe-oss9527/xrf-go/pkg/config/manager.go:1193.19,1195.62 1 0
github.com/Joe-oss9527/xrf-go/pkg/config/manager.go:1195.62,1197.5 1 0
github.com/Joe-oss9527/xrf-go/pkg/config/manager.go:1198.15,1200.58 1 0
github.com/Joe-oss9527/xrf-go/pkg/config/manager.go:1200.58,1202.5 1 0
github.com/Joe-oss9527/xrf-go/pkg/config/manager.go:1203.15,1205.67 1 0
github.com/Joe-oss9527/xrf-go/pkg/config/manager.go:1205.67,1207.5 1 0
github.com/Joe-oss9527/xrf-go/pkg/config/manager.go:1208.11,1210.26 1 0
github.com/Joe-oss9527/xrf-go/pkg/config/manager.go:1214.2,1214.12 1 0
github.com/Joe-oss9527/xrf-go/pkg/config/manager.go:1218.104,1221.31 2 0
github.com/Joe-oss9527/xrf-go/pkg/config/manager.go:1222.11,1223.11 1 0
github.com/Joe-oss9527/xrf-go/pkg/config/manager.go:1224.14,1225.44 1 0
github.com/Joe-oss9527/xrf-go/pkg/config/manager.go:1225.44,1227.4 1 0
github.com/Joe-oss9527/xrf-go/pkg/config/manager.go:1227.9,1229.4 1 0
github.com/Joe-oss9527/xrf-go/pkg/config/manager.go:1230.15,1231.16 1 0
github.com/Joe-oss9527/xrf-go/pkg/config/manager.go:1232.10,1233.60 1 0
github.com/Joe-oss9527/xrf-go/pkg/config/manager.go:1236.2,1236.30 1 0
github.com/Joe-oss9527/xrf-go/pkg/config/manager.go:1236.30,1238.3 1 0
github.com/Joe-oss9527/xrf-go/pkg/config/manager.go:1241.2,1241.52 1 0
github.com/Joe-oss9527/xrf-go/pkg/config/manager.go:1241.52,1242.54 1 0
github.com/Joe-oss9527/xrf-go/pkg/config/manager.go:1242.54,1243.40 1 0
github.com/Joe-oss9527/xrf-go/pkg/config/manager.go:1243.40,1244.63 1 0
github.com/Joe-oss9527/xrf-go/pkg/config/manager.go:1244.63,1246.6 1 0
github.com/Joe-oss9527/xrf-go/pkg/config/manager.go:1251.2,1251.12 1 0
github.com/Joe-oss9527/xrf-go/pkg/config/manager.go:1255.105,1257.9 2 0
github.com/Joe-oss9527/xrf-go/pkg/config/manager.go:1257.9,1259.3 1 0
github.com/Joe-oss9527/xrf-go/pkg/config/manager.go:1262.2,1262.52 1 0
github.com/Joe-oss9527/xrf-go/pkg/config/manager.go:1262.52,1263.54 1 0
github.com/Joe-oss9527/xrf-go/pkg/config/manager.go:1263.54,1264.40 1 0
github.com/Joe-oss9527/xrf-go/pkg/config/manager.go:1264.40,1265.63 1 0
github.com/Joe-oss9527/xrf-go/pkg/config/manager.go:1265.63,1266.60 1 0
github.com/Joe-oss9527/xrf-go/pkg/config/manager.go:1266.60,1267.67 1 0
github.com/Joe-oss9527/xrf-go/pkg/config/manager.go:1267.67,1269.54 1 0
github.com/Joe-oss9527/xrf-go/pkg/config/manager.go:1269.54,1271.9 1 0
github.com/Joe-oss9527/xrf-go/pkg/config/manager.go:1273.8,1273.61 1 0
github.com/Joe-oss9527/xrf-go/pkg/config/manager.go:1273.61,1274.58 1 0
github.com/Joe-oss9527/xrf-go/pkg/config/manager.go:1274.58,1275.44 1 0
github.com/Joe-oss9527/xrf-go/pkg/config/manager.go:1275.44,1276.67 1 0
github.com/Joe-oss9527/xrf-go/pkg/config/manager.go:1276.67,1278.12 1 0
github.com/Joe-oss9527/xrf-go/pkg/config/manager.go:1289.2,1289.12 1 0
github.com/Joe-oss9527/xrf-go/pkg/config/manager.go:1293.97,1295.9 2 0
github.com/Joe-oss9527/xrf-go/pkg/config/manager.go:1295.9,1297.3 1 0
github.com/Joe-oss9527/xrf-go/pkg/config/manager.go:1300.2,1300.30 1 0
github.com/Joe-oss9527/xrf-go/pkg/config/manager.go:1300.30,1302.3 1 0
github.com/Joe-oss9527/xrf-go/pkg/config/manager.go:1305.2,1305.52 1 0
github.com/Joe-oss9527/xrf-go/pkg/config/manager.go:1305.52,1306.54 1 0
github.com/Joe-oss9527/xrf-go/pkg/config/manager.go:1306.54,1307.40 1 0
github.com/Joe-oss9527/xrf-go/pkg/config/manager.go:1307.40,1308.63 1 0
github.com/Joe-oss9527/xrf-go/pkg/config/manager.go:1308.63,1309.60 1 0
github.com/Joe-oss9527/xrf-go/pkg/config/manager.go:1309.60,1310.67 1 0
github.com/Joe-oss9527/xrf-go/pkg/config/manager.go:1310.67,1311.61 1 0
github.com/Joe-oss9527/xrf-go/pkg/config/manager.go:1311.61,1312.58 1 0
github.com/Joe-oss9527/xrf-go/pkg/config/manager.go:1312.58,1313.44 1 0
github.com/Joe-oss9527/xrf-go/pkg/config/manager.go:1313.44,1314.67 1 0
github.com/Joe-oss9527/xrf-go/pkg/config/manager.go:1314.67,1316.12 1 0
github.com/Joe-oss9527/xrf-go/pkg/config/manager.go:1327.2,1327.12 1 0
github.com/Joe-oss9527/xrf-go/pkg/config/manager.go:1331.106,1333.9 2 0
github.com/Joe-oss9527/xrf-go/pkg/config/manager.go:1333.9,1335.3 1 0
github.com/Joe-oss9527/xrf-go/pkg/config/manager.go:1337.2,1337.49 1 0
github.com/Joe-oss9527/xrf-go/pkg/config/manager.go:1337.49,1339.3 1 0
github.com/Joe-oss9527/xrf-go/pkg/config/manager.go:1342.2,1342.52 1 0
github.com/Joe-oss9527/xrf-go/pkg/config/manager.go:1342.52,1343.54 1 0
github.com/Joe-oss9527/xrf-go/pkg/config/manager.go:1343.54,1344.40 1 0
github.com/Joe-oss9527/xrf-go/pkg/config/manager.go:1344.40,1345.63 1 0
github.com/Joe-oss9527/xrf-go/pkg/config/manager.go:1345.63,1346.72 1 0
github.com/Joe-oss9527/xrf-go/pkg/config/manager.go:1346.72,1347.71 1 0
github.com/Joe-oss9527/xrf-go/pkg/config/manager.go:1347.71,1349.65 1 0
github.com/Joe-oss9527/xrf-go/pkg/config/manager.go:1349.65,1350.65 1 0
github.com/Joe-oss9527/xrf-go/pkg/config/manager.go:1350.65,1352.10 1 0
github.com/Joe-oss9527/xrf-go/pkg/config/manager.go:1355.8,1355.83 1 0
github.com/Joe-oss9527/xrf-go/pkg/config/manager.go:1355.83,1356.83 1 0
github.com/Joe-oss9527/xrf-go/pkg/config/manager.go:1356.83,1358.10 1 0
github.com/Joe-oss9527/xrf-go/pkg/config/manager.go:1367.2,1367.12 1 0
github.com/Joe-oss9527/xrf-go/pkg/config/manager.go:1373.77,1379.52 5 1
github.com/Joe-oss9527/xrf-go/pkg/config/manager.go:1379.52,1381.3 1 0
github.com/Joe-oss9527/xrf-go/pkg/config/manager.go:1383.2,1383.24 1 1
github.com/Joe-oss9527/xrf-go/pkg/config/manager.go:1387.69,1389.2 1 1
github.com/Joe-oss9527/xrf-go/pkg/config/manager.go:1392.60,1396.16 3 1
github.com/Joe-oss9527/xrf-go/pkg/config/manager.go:1396.16,1398.3 1 0
github.com/Joe-oss9527/xrf-go/pkg/config/manager.go:1399.2,1399.12 1 1
github.com/Joe-oss9527/xrf-go/pkg/config/protocols.go:121.44,128.46 2 1
github.com/Joe-oss9527/xrf-go/pkg/config/protocols.go:128.46,133.42 3 1
github.com/Joe-oss9527/xrf-go/pkg/config/protocols.go:133.42,135.4 1 1
github.com/Joe-oss9527/xrf-go/pkg/config/protocols.go:138.2,138.11 1 1
github.com/Joe-oss9527/xrf-go/pkg/config/protocols.go:142.78,146.59 2 1
github.com/Joe-oss9527/xrf-go/pkg/config/protocols.go:146.59,148.3 1 1
github.com/Joe-oss9527/xrf-go/pkg/config/protocols.go:151.2,151.61 1 1
github.com/Joe-oss9527/xrf-go/pkg/config/protocols.go:151.61,153.3 1 1
github.com/Joe-oss9527/xrf-go/pkg/config/protocols.go:155.2,155.72 1 1
github.com/Joe-oss9527/xrf-go/pkg/config/protocols.go:159.73,162.2 2 0
github.com/Joe-oss9527/xrf-go/pkg/config/protocols.go:165.57,167.40 2 0
github.com/Joe-oss9527/xrf-go/pkg/config/protocols.go:167.40,169.3 1 0
github.com/Joe-oss9527/xrf-go/pkg/config/protocols.go:170.2,170.18 1 0
github.com/Joe-oss9527/xrf-go/pkg/config/protocols.go:174.85,175.40 1 0
github.com/Joe-oss9527/xrf-go/pkg/config/protocols.go:175.40,176.36 1 0
github.com/Joe-oss9527/xrf-go/pkg/config/protocols.go:176.36,178.4 1 0
github.com/Joe-oss9527/xrf-go/pkg/config/protocols.go:180.2,180.80 1 0
github.com/Joe-oss9527/xrf-go/pkg/config/protocols.go:184.91,186.16 2 0
github.com/Joe-oss9527/xrf-go/pkg/config/protocols.go:186.16,188.3 1 0
github.com/Joe-oss9527/xrf-go/pkg/config/protocols.go:190.2,198.40 2 0
github.com/Joe-oss9527/xrf-go/pkg/config/protocols.go:199.23,203.47 4 0
github.com/Joe-oss9527/xrf-go/pkg/config/protocols.go:205.26,207.40 2 0
github.com/Joe-oss9527/xrf-go/pkg/config/protocols.go:209.76,212.27 3 0
github.com/Joe-oss9527/xrf-go/pkg/config/protocols.go:212.27,214.4 1 0
github.com/Joe-oss9527/xrf-go/pkg/config/protocols.go:216.27,218.32 2 0
github.com/Joe-oss9527/xrf-go/pkg/config/protocols.go:220.21,221.43 1 0
github.com/Joe-oss9527/xrf-go/pkg/config/protocols.go:223.26,224.49 1 0
github.com/Joe-oss9527/xrf-go/pkg/config/protocols.go:227.2,227.17 1 0
github.com/Joe-oss9527/xrf-go/pkg/config/protocols.go:231.77,233.16 2 0
github.com/Joe-oss9527/xrf-go/pkg/config/protocols.go:233.16,235.3 1 0
github.com/Joe-oss9527/xrf-go/pkg/config/protocols.go:236.2,236.25 1 0
github.com/Joe-oss9527/xrf-go/pkg/config/protocols.go:240.79,242.16 2 0
github.com/Joe-oss9527/xrf-go/pkg/config/protocols.go:242.16,244.3 1 0
github.com/Joe-oss9527/xrf-go/pkg/config/protocols.go:245.2,245.29 1 0
github.com/Joe-oss9527/xrf-go/pkg/config/protocols.go:249.113,251.16 2 0
github.com/Joe-oss9527/xrf-go/pkg/config/protocols.go:251.16,253.3 1 0
github.com/Joe-oss9527/xrf-go/pkg/config/protocols.go:256.2,256.46 1 0
github.com/Joe-oss9527/xrf-go/pkg/config/protocols.go:256.46,257.36 1 0
github.com/Joe-oss9527/xrf-go/pkg/config/protocols.go:257.36,258.38 1 0
github.com/Joe-oss9527/xrf-go/pkg/config/protocols.go:258.38,260.5 1 0
github.com/Joe-oss9527/xrf-go/pkg/config/protocols.go:265.2,265.29 1 0
github.com/Joe-oss9527/xrf-go/pkg/config/protocols.go:265.29,266.68 1 0
github.com/Joe-oss9527/xrf-go/pkg/config/protocols.go:266.68,268.4 1 0
github.com/Joe-oss9527/xrf-go/pkg/config/protocols.go:272.2,272.56 1 0
github.com/Joe-oss9527/xrf-go/pkg/config/protocols.go:272.56,273.49 1 0
github.com/Joe-oss9527/xrf-go/pkg/config/protocols.go:273.49,275.68 2 0
github.com/Joe-oss9527/xrf-go/pkg/config/protocols.go:275.68,276.43 1 0
github.com/Joe-oss9527/xrf-go/pkg/config/protocols.go:276.43,278.11 2 0
github.com/Joe-oss9527/xrf-go/pkg/config/protocols.go:281.4,281.18 1 0
github.com/Joe-oss9527/xrf-go/pkg/config/protocols.go:281.18,283.5 1 0
github.com/Joe-oss9527/xrf-go/pkg/config/protocols.go:287.2,287.12 1 0
github.com/Joe-oss9527/xrf-go/pkg/config/protocols.go:291.63,301.2 1 0
github.com/Joe-oss9527/xrf-go/pkg/config/protocols.go:304.69,308.40 3 0
github.com/Joe-oss9527/xrf-go/pkg/config/protocols.go:308.40,310.62 1 0
github.com/Joe-oss9527/xrf-go/pkg/config/protocols.go:310.62,312.12 2 0
github.com/Joe-oss9527/xrf-go/pkg/config/protocols.go:316.3,316.42 1 0
github.com/Joe-oss9527/xrf-go/pkg/config/protocols.go:316.42,317.55 1 0
github.com/Joe-oss9527/xrf-go/pkg/config/protocols.go:317.55,319.10 2 0
github.com/Joe-oss9527/xrf-go/pkg/config/protocols.go:324.3,324.69 1 0
github.com/Joe-oss9527/xrf-go/pkg/config/protocols.go:324.69,326.4 1 0
github.com/Joe-oss9527/xrf-go/pkg/config/protocols.go:329.2,329.16 1 0
github.com/Joe-oss9527/xrf-go/pkg/config/templates.go:395.46,397.2 1 1
github.com/Joe-oss9527/xrf-go/pkg/config/templates.go:399.90,401.16 2 1
github.com/Joe-oss9527/xrf-go/pkg/config/templates.go:401.16,403.3 1 0
github.com/Joe-oss9527/xrf-go/pkg/config/templates.go:405.2,406.49 2 1
github.com/Joe-oss9527/xrf-go/pkg/config/templates.go:406.49,408.3 1 0
github.com/Joe-oss9527/xrf-go/pkg/config/templates.go:410.2,410.26 1 1
github.com/Joe-oss9527/xrf-go/pkg/config/templates.go:414.41,431.2 1 1
github.com/Joe-oss9527/xrf-go/pkg/config/templates.go:434.62,438.2 3 1
github.com/Joe-oss9527/xrf-go/pkg/config/testutils.go:30.53,32.30 2 1
github.com/Joe-oss9527/xrf-go/pkg/config/testutils.go:32.30,34.3 1 1
github.com/Joe-oss9527/xrf-go/pkg/config/testutils.go:35.2,35.27 1 1
github.com/Joe-oss9527/xrf-go/pkg/config/testutils.go:38.58,42.51 3 1
github.com/Joe-oss9527/xrf-go/pkg/config/testutils.go:42.51,44.3 1 0
github.com/Joe-oss9527/xrf-go/pkg/config/testutils.go:47.2,48.16 2 1
github.com/Joe-oss9527/xrf-go/pkg/config/testutils.go:48.16,51.3 2 0
github.com/Joe-oss9527/xrf-go/pkg/config/testutils.go:54.2,71.16 3 1
github.com/Joe-oss9527/xrf-go/pkg/config/testutils.go:71.16,74.3 2 0
github.com/Joe-oss9527/xrf-go/pkg/config/testutils.go:76.2,81.16 4 1
github.com/Joe-oss9527/xrf-go/pkg/config/testutils.go:81.16,84.3 2 0
github.com/Joe-oss9527/xrf-go/pkg/config/testutils.go:85.2,87.93 2 1
github.com/Joe-oss9527/xrf-go/pkg/config/testutils.go:87.93,90.3 2 0
github.com/Joe-oss9527/xrf-go/pkg/config/testutils.go:93.2,94.16 2 1
github.com/Joe-oss9527/xrf-go/pkg/config/testutils.go:94.16,97.3 2 0
github.com/Joe-oss9527/xrf-go/pkg/config/testutils.go:98.2,101.16 3 1
github.com/Joe-oss9527/xrf-go/pkg/config/testutils.go:101.16,104.3 2 0
github.com/Joe-oss9527/xrf-go/pkg/config/testutils.go:106.2,106.92 1 1
github.com/Joe-oss9527/xrf-go/pkg/config/testutils.go:106.92,109.3 2 0
github.com/Joe-oss9527/xrf-go/pkg/config/testutils.go:111.2,115.8 1 1
github.com/Joe-oss9527/xrf-go/pkg/config/testutils.go:119.37,120.57 1 0
github.com/Joe-oss9527/xrf-go/pkg/config/testutils.go:120.57,124.3 3 0
github.com/Joe-oss9527/xrf-go/pkg/config/testutils.go:125.2,125.12 1 0
github.com/Joe-oss9527/xrf-go/pkg/config/testutils.go:129.31,131.30 1 1
github.com/Joe-oss9527/xrf-go/pkg/config/testutils.go:131.30,133.38 1 1
github.com/Joe-oss9527/xrf-go/pkg/config/testutils.go:133.38,135.4 1 1
github.com/Joe-oss9527/xrf-go/pkg/config/testutils.go:137.2,137.42 1 0
github.com/Joe-oss9527/xrf-go/pkg/tls/acme.go:57.38,59.2 1 1
github.com/Joe-oss9527/xrf-go/pkg/tls/acme.go:62.61,64.2 1 1
github.com/Joe-oss9527/xrf-go/pkg/tls/acme.go:67.54,69.2 1 1
github.com/Joe-oss9527/xrf-go/pkg/tls/acme.go:72.48,79.2 1 1
github.com/Joe-oss9527/xrf-go/pkg/tls/acme.go:82.41,84.2 1 1
[...]
github.com/Joe-oss9527/xrf-go/pkg/utils/http.go:61.16,63.3 1 0
github.com/Joe-oss9527/xrf-go/pkg/utils/http.go:64.2,67.16 3 0
github.com/Joe-oss9527/xrf-go/pkg/utils/http.go:67.16,69.3 1 0
github.com/Joe-oss9527/xrf-go/pkg/utils/http.go:71.2,71.12 1 0
github.com/Joe-oss9527/xrf-go/pkg/utils/http.go:74.115,76.16 2 0
github.com/Joe-oss9527/xrf-go/pkg/utils/http.go:76.16,78.3 1 0
github.com/Joe-oss9527/xrf-go/pkg/utils/http.go:79.2,81.38 2 0
github.com/Joe-oss9527/xrf-go/pkg/utils/http.go:81.38,83.3 1 0
github.com/Joe-oss9527/xrf-go/pkg/utils/http.go:85.2,85.68 1 0
github.com/Joe-oss9527/xrf-go/pkg/utils/http.go:85.68,87.3 1 0
github.com/Joe-oss9527/xrf-go/pkg/utils/http.go:89.2,90.16 2 0
github.com/Joe-oss9527/xrf-go/pkg/utils/http.go:90.16,92.3 1 0
github.com/Joe-oss9527/xrf-go/pkg/utils/http.go:93.2,99.6 5 0
github.com/Joe-oss9527/xrf-go/pkg/utils/http.go:99.6,101.12 2 0
github.com/Joe-oss9527/xrf-go/pkg/utils/http.go:101.12,102.58 1 0
github.com/Joe-oss9527/xrf-go/pkg/utils/http.go:102.58,104.5 1 0
github.com/Joe-oss9527/xrf-go/pkg/utils/http.go:105.4,106.25 2 0
github.com/Joe-oss9527/xrf-go/pkg/utils/http.go:106.25,108.5 1 0
github.com/Joe-oss9527/xrf-go/pkg/utils/http.go:110.3,110.17 1 0
github.com/Joe-oss9527/xrf-go/pkg/utils/http.go:110.17,111.21 1 0
github.com/Joe-oss9527/xrf-go/pkg/utils/http.go:111.21,112.10 1 0
github.com/Joe-oss9527/xrf-go/pkg/utils/http.go:114.4,114.57 1 0
github.com/Joe-oss9527/xrf-go/pkg/utils/http.go:118.2,118.12 1 0
github.com/Joe-oss9527/xrf-go/pkg/utils/http.go:121.63,123.16 2 0
github.com/Joe-oss9527/xrf-go/pkg/utils/http.go:123.16,125.3 1 0
github.com/Joe-oss9527/xrf-go/pkg/utils/http.go:127.2,127.18 1 0
github.com/Joe-oss9527/xrf-go/pkg/utils/http.go:130.49,132.16 2 0
github.com/Joe-oss9527/xrf-go/pkg/utils/http.go:132.16,134.3 1 0
github.com/Joe-oss9527/xrf-go/pkg/utils/http.go:135.2,137.38 2 0
github.com/Joe-oss9527/xrf-go/pkg/utils/http.go:137.38,139.3 1 0
github.com/Joe-oss9527/xrf-go/pkg/utils/http.go:141.2,141.12 1 0
github.com/Joe-oss9527/xrf-go/pkg/utils/http.go:144.36,154.27 3 0
github.com/Joe-oss9527/xrf-go/pkg/utils/http.go:154.27,155.45 1 0
github.com/Joe-oss9527/xrf-go/pkg/utils/http.go:155.45,157.4 1 0
github.com/Joe-oss9527/xrf-go/pkg/utils/http.go:160.2,160.67 1 0
github.com/Joe-oss9527/xrf-go/pkg/utils/http.go:163.35,172.31 3 0
github.com/Joe-oss9527/xrf-go/pkg/utils/http.go:172.31,173.46 1 0
github.com/Joe-oss9527/xrf-go/pkg/utils/http.go:173.46,175.4 1 0
github.com/Joe-oss9527/xrf-go/pkg/utils/http.go:178.2,178.56 1 0
github.com/Joe-oss9527/xrf-go/pkg/utils/http.go:181.38,183.18 2 0
github.com/Joe-oss9527/xrf-go/pkg/utils/http.go:183.18,185.3 1 0
github.com/Joe-oss9527/xrf-go/pkg/utils/http.go:186.2,187.46 2 0
github.com/Joe-oss9527/xrf-go/pkg/utils/http.go:187.46,190.3 2 0
github.com/Joe-oss9527/xrf-go/pkg/utils/http.go:191.2,191.76 1 0
github.com/Joe-oss9527/xrf-go/pkg/utils/http.go:194.73,195.19 1 0
github.com/Joe-oss9527/xrf-go/pkg/utils/http.go:195.19,197.3 1 0
github.com/Joe-oss9527/xrf-go/pkg/utils/http.go:198.2,199.50 2 0
github.com/Joe-oss9527/xrf-go/pkg/utils/logger.go:31.34,33.2 1 0
github.com/Joe-oss9527/xrf-go/pkg/utils/logger.go:35.36,37.16 2 0
github.com/Joe-oss9527/xrf-go/pkg/utils/logger.go:37.16,39.3 1 0
github.com/Joe-oss9527/xrf-go/pkg/utils/logger.go:40.2,42.12 3 0
github.com/Joe-oss9527/xrf-go/pkg/utils/logger.go:45.74,46.21 1 0
github.com/Joe-oss9527/xrf-go/pkg/utils/logger.go:46.21,48.3 1 0
github.com/Joe-oss9527/xrf-go/pkg/utils/logger.go:50.2,51.15 2 0
github.com/Joe-oss9527/xrf-go/pkg/utils/logger.go:52.13,53.21 1 0
github.com/Joe-oss9527/xrf-go/pkg/utils/logger.go:54.12,55.20 1 0
github.com/Joe-oss9527/xrf-go/pkg/utils/logger.go:56.15,57.20 1 0
github.com/Joe-oss9527/xrf-go/pkg/utils/logger.go:58.13,59.21 1 0
github.com/Joe-oss9527/xrf-go/pkg/utils/logger.go:60.13,61.21 1 0
github.com/Joe-oss9527/xrf-go/pkg/utils/logger.go:64.2,68.19 4 0
github.com/Joe-oss9527/xrf-go/pkg/utils/logger.go:68.19,70.3 1 0
github.com/Joe-oss9527/xrf-go/pkg/utils/logger.go:70.8,71.21 1 0
github.com/Joe-oss9527/xrf-go/pkg/utils/logger.go:71.21,73.4 1 0
github.com/Joe-oss9527/xrf-go/pkg/utils/logger.go:73.9,75.4 1 0
github.com/Joe-oss9527/xrf-go/pkg/utils/logger.go:78.2,78.20 1 0
github.com/Joe-oss9527/xrf-go/pkg/utils/logger.go:78.20,80.3 1 0
github.com/Joe-oss9527/xrf-go/pkg/utils/logger.go:83.48,85.2 1 0
github.com/Joe-oss9527/xrf-go/pkg/utils/logger.go:87.47,89.2 1 0
github.com/Joe-oss9527/xrf-go/pkg/utils/logger.go:91.50,93.2 1 0
github.com/Joe-oss9527/xrf-go/pkg/utils/logger.go:95.48,97.2 1 0
github.com/Joe-oss9527/xrf-go/pkg/utils/logger.go:99.48,101.2 1 0
github.com/Joe-oss9527/xrf-go/pkg/utils/logger.go:103.50,107.2 3 0
github.com/Joe-oss9527/xrf-go/pkg/utils/network.go:10.44,13.16 2 0
github.com/Joe-oss9527/xrf-go/pkg/utils/network.go:13.16,15.3 1 0
github.com/Joe-oss9527/xrf-go/pkg/utils/network.go:16.2,19.23 3 0
github.com/Joe-oss9527/xrf-go/pkg/utils/network.go:23.36,28.2 1 0
github.com/Joe-oss9527/xrf-go/pkg/utils/network.go:31.53,33.16 2 0
github.com/Joe-oss9527/xrf-go/pkg/utils/network.go:33.16,35.3 1 0
github.com/Joe-oss9527/xrf-go/pkg/utils/network.go:37.2,37.30 1 0
github.com/Joe-oss9527/xrf-go/pkg/utils/network.go:37.30,39.3 1 0
github.com/Joe-oss9527/xrf-go/pkg/utils/network.go:41.2,41.18 1 0
github.com/Joe-oss9527/xrf-go/pkg/utils/qrcode.go:10.50,12.53 1 0
github.com/Joe-oss9527/xrf-go/pkg/utils/qrcode.go:12.53,14.3 1 0
github.com/Joe-oss9527/xrf-go/pkg/utils/qrcode.go:17.2,17.35 1 0
github.com/Joe-oss9527/xrf-go/pkg/utils/qrcode.go:21.58,24.16 3 0
github.com/Joe-oss9527/xrf-go/pkg/utils/qrcode.go:24.16,26.3 1 0
github.com/Joe-oss9527/xrf-go/pkg/utils/qrcode.go:27.2,27.28 1 0
github.com/Joe-oss9527/xrf-go/pkg/utils/qrcode.go:31.42,62.2 2 0
github.com/Joe-oss9527/xrf-go/pkg/utils/qrcode.go:65.43,70.16 4 0
github.com/Joe-oss9527/xrf-go/pkg/utils/qrcode.go:70.16,75.3 4 0
github.com/Joe-oss9527/xrf-go/pkg/utils/qrcode.go:78.2,88.71 7 0
github.com/Joe-oss9527/xrf-go/pkg/utils/qrcode.go:92.33,95.2 2 0
github.com/Joe-oss9527/xrf-go/pkg/utils/qrcode.go:98.40,118.2 2 0
github.com/Joe-oss9527/xrf-go/pkg/utils/url_generator.go:18.94,19.43 1 1
github.com/Joe-oss9527/xrf-go/pkg/utils/url_generator.go:19.43,21.3 1 1
github.com/Joe-oss9527/xrf-go/pkg/utils/url_generator.go:24.2,32.33 3 1
github.com/Joe-oss9527/xrf-go/pkg/utils/url_generator.go:32.33,34.3 1 1
github.com/Joe-oss9527/xrf-go/pkg/utils/url_generator.go:35.2,37.24 2 1
github.com/Joe-oss9527/xrf-go/pkg/utils/url_generator.go:41.70,57.16 3 0
github.com/Joe-oss9527/xrf-go/pkg/utils/url_generator.go:57.16,59.3 1 0
github.com/Joe-oss9527/xrf-go/pkg/utils/url_generator.go:61.2,62.34 2 0
github.com/Joe-oss9527/xrf-go/pkg/utils/url_generator.go:66.99,67.47 1 0
github.com/Joe-oss9527/xrf-go/pkg/utils/url_generator.go:67.47,69.3 1 0
github.com/Joe-oss9527/xrf-go/pkg/utils/url_generator.go:72.2,80.33 3 0
github.com/Joe-oss9527/xrf-go/pkg/utils/url_generator.go:80.33,82.3 1 0
github.com/Joe-oss9527/xrf-go/pkg/utils/url_generator.go:83.2,85.24 2 0
github.com/Joe-oss9527/xrf-go/pkg/utils/url_generator.go:89.101,90.63 1 0
github.com/Joe-oss9527/xrf-go/pkg/utils/url_generator.go:90.63,92.3 1 0
github.com/Joe-oss9527/xrf-go/pkg/utils/url_generator.go:95.2,101.18 4 0
github.com/Joe-oss9527/xrf-go/pkg/utils/url_generator.go:101.18,103.3 1 0
github.com/Joe-oss9527/xrf-go/pkg/utils/url_generator.go:105.2,105.21 1 0
github.com/Joe-oss9527/xrf-go/pkg/utils/url_generator.go:109.99,114.16 3 0
github.com/Joe-oss9527/xrf-go/pkg/utils/url_generator.go:114.16,116.3 1 0
github.com/Joe-oss9527/xrf-go/pkg/utils/url_generator.go:117.2,119.9 2 0
github.com/Joe-oss9527/xrf-go/pkg/utils/url_generator.go:120.47,122.17 2 0
github.com/Joe-oss9527/xrf-go/pkg/utils/url_generator.go:122.17,124.65 1 0
github.com/Joe-oss9527/xrf-go/pkg/utils/url_generator.go:124.65,126.5 1 0
github.com/Joe-oss9527/xrf-go/pkg/utils/url_generator.go:129.3,133.48 3 0
github.com/Joe-oss9527/xrf-go/pkg/utils/url_generator.go:133.48,139.4 5 0
github.com/Joe-oss9527/xrf-go/pkg/utils/url_generator.go:139.9,139.50 1 0
github.com/Joe-oss9527/xrf-go/pkg/utils/url_generator.go:139.50,143.4 3 0
github.com/Joe-oss9527/xrf-go/pkg/utils/url_generator.go:143.9,143.59 1 0
github.com/Joe-oss9527/xrf-go/pkg/utils/url_generator.go:143.59,146.4 2 0
github.com/Joe-oss9527/xrf-go/pkg/utils/url_generator.go:148.3,148.68 1 0
github.com/Joe-oss9527/xrf-go/pkg/utils/url_generator.go:148.68,150.4 1 0
github.com/Joe-oss9527/xrf-go/pkg/utils/url_generator.go:152.3,152.52 1 0
github.com/Joe-oss9527/xrf-go/pkg/utils/url_generator.go:154.47,155.34 1 0
github.com/Joe-oss9527/xrf-go/pkg/utils/url_generator.go:157.48,159.21 2 0
github.com/Joe-oss9527/xrf-go/pkg/utils/url_generator.go:159.21,161.65 1 0
github.com/Joe-oss9527/xrf-go/pkg/utils/url_generator.go:161.65,163.5 1 0
github.com/Joe-oss9527/xrf-go/pkg/utils/url_generator.go:166.3,169.61 4 0
github.com/Joe-oss9527/xrf-go/pkg/utils/url_generator.go:169.61,171.4 1 0
github.com/Joe-oss9527/xrf-go/pkg/utils/url_generator.go:172.3,172.68 1 0
github.com/Joe-oss9527/xrf-go/pkg/utils/url_generator.go:172.68,174.4 1 0
github.com/Joe-oss9527/xrf-go/pkg/utils/url_generator.go:176.3,176.57 1 0
github.com/Joe-oss9527/xrf-go/pkg/utils/url_generator.go:178.53,183.70 4 0
github.com/Joe-oss9527/xrf-go/pkg/utils/url_generator.go:185.10,186.66 1 0
github.com/Joe-oss9527/xrf-go/pkg/utils/url_generator.go:192.85,193.42 1 0
github.com/Joe-oss9527/xrf-go/pkg/utils/url_generator.go:193.42,194.36 1 0
github.com/Joe-oss9527/xrf-go/pkg/utils/url_generator.go:194.36,196.4 1 0
github.com/Joe-oss9527/xrf-go/pkg/utils/url_generator.go:198.2,198.21 1 0
github.com/Joe-oss9527/xrf-go/pkg/utils/url_generator.go:201.83,202.42 1 0
github.com/Joe-oss9527/xrf-go/pkg/utils/url_generator.go:202.42,203.28 1 0
github.com/Joe-oss9527/xrf-go/pkg/utils/url_generator.go:204.12,205.12 1 0
github.com/Joe-oss9527/xrf-go/pkg/utils/url_generator.go:206.16,207.17 1 0
github.com/Joe-oss9527/xrf-go/pkg/utils/url_generator.go:208.15,210.58 2 0
github.com/Joe-oss9527/xrf-go/pkg/utils/url_generator.go:210.58,212.5 1 0
github.com/Joe-oss9527/xrf-go/pkg/utils/url_generator.go:215.2,215.21 1 0
github.com/Joe-oss9527/xrf-go/pkg/utils/url_generator.go:218.83,220.13 2 1
github.com/Joe-oss9527/xrf-go/pkg/utils/url_generator.go:220.13,222.3 1 1
github.com/Joe-oss9527/xrf-go/pkg/utils/url_generator.go:224.2,225.34 2 1
github.com/Joe-oss9527/xrf-go/pkg/utils/url_generator.go:225.34,227.3 1 1
github.com/Joe-oss9527/xrf-go/pkg/utils/url_generator.go:229.2,230.9 2 1
github.com/Joe-oss9527/xrf-go/pkg/utils/url_generator.go:230.9,232.3 1 0
github.com/Joe-oss9527/xrf-go/pkg/utils/url_generator.go:234.2,235.13 2 1
github.com/Joe-oss9527/xrf-go/pkg/utils/url_generator.go:235.13,237.3 1 1
github.com/Joe-oss9527/xrf-go/pkg/utils/url_generator.go:239.2,240.9 2 1
github.com/Joe-oss9527/xrf-go/pkg/utils/url_generator.go:240.9,242.3 1 0
github.com/Joe-oss9527/xrf-go/pkg/utils/url_generator.go:244.2,245.13 2 1
github.com/Joe-oss9527/xrf-go/pkg/utils/url_generator.go:245.13,247.3 1 1
github.com/Joe-oss9527/xrf-go/pkg/utils/url_generator.go:249.2,250.9 2 1
github.com/Joe-oss9527/xrf-go/pkg/utils/url_generator.go:250.9,252.3 1 0
github.com/Joe-oss9527/xrf-go/pkg/utils/url_generator.go:254.2,255.36 2 1
github.com/Joe-oss9527/xrf-go/pkg/utils/url_generator.go:255.36,256.59 1 1
github.com/Joe-oss9527/xrf-go/pkg/utils/url_generator.go:256.59,258.4 1 1
github.com/Joe-oss9527/xrf-go/pkg/utils/url_generator.go:261.2,261.15 1 1
github.com/Joe-oss9527/xrf-go/pkg/utils/validator.go:15.35,16.30 1 0
github.com/Joe-oss9527/xrf-go/pkg/utils/validator.go:16.30,18.3 1 0
github.com/Joe-oss9527/xrf-go/pkg/utils/validator.go:19.2,19.12 1 0
github.com/Joe-oss9527/xrf-go/pkg/utils/validator.go:22.37,23.30 1 0
github.com/Joe-oss9527/xrf-go/pkg/utils/validator.go:23.30,25.3 1 0
github.com/Joe-oss9527/xrf-go/pkg/utils/validator.go:28.2,30.16 3 0
github.com/Joe-oss9527/xrf-go/pkg/utils/validator.go:30.16,32.3 1 0
github.com/Joe-oss9527/xrf-go/pkg/utils/validator.go:33.2,38.16 4 0
github.com/Joe-oss9527/xrf-go/pkg/utils/validator.go:38.16,40.3 1 0
github.com/Joe-oss9527/xrf-go/pkg/utils/validator.go:41.2,43.13 2 0
github.com/Joe-oss9527/xrf-go/pkg/utils/validator.go:46.61,47.18 1 0
github.com/Joe-oss9527/xrf-go/pkg/utils/validator.go:47.18,50.3 1 0
github.com/Joe-oss9527/xrf-go/pkg/utils/validator.go:52.2,52.97 1 0
github.com/Joe-oss9527/xrf-go/pkg/utils/validator.go:52.97,54.3 1 0
github.com/Joe-oss9527/xrf-go/pkg/utils/validator.go:56.2,56.49 1 0
github.com/Joe-oss9527/xrf-go/pkg/utils/validator.go:56.49,57.28 1 0
github.com/Joe-oss9527/xrf-go/pkg/utils/validator.go:57.28,59.4 1 0
github.com/Joe-oss9527/xrf-go/pkg/utils/validator.go:62.2,62.79 1 0
github.com/Joe-oss9527/xrf-go/pkg/utils/validator.go:66.56,67.37 1 0
github.com/Joe-oss9527/xrf-go/pkg/utils/validator.go:67.37,68.23 1 0
github.com/Joe-oss9527/xrf-go/pkg/utils/validator.go:68.23,70.4 1 0
github.com/Joe-oss9527/xrf-go/pkg/utils/validator.go:72.2,72.14 1 0
github.com/Joe-oss9527/xrf-go/pkg/utils/validator.go:76.71,78.24 1 0
github.com/Joe-oss9527/xrf-go/pkg/utils/validator.go:78.24,79.37 1 0
github.com/Joe-oss9527/xrf-go/pkg/utils/validator.go:79.37,81.4 1 0
github.com/Joe-oss9527/xrf-go/pkg/utils/validator.go:82.3,82.66 1 0
github.com/Joe-oss9527/xrf-go/pkg/utils/validator.go:86.2,88.22 2 0
github.com/Joe-oss9527/xrf-go/pkg/utils/validator.go:89.46,91.27 1 0
github.com/Joe-oss9527/xrf-go/pkg/utils/validator.go:91.27,93.4 1 0
github.com/Joe-oss9527/xrf-go/pkg/utils/validator.go:94.3,94.26 1 0
github.com/Joe-oss9527/xrf-go/pkg/utils/validator.go:94.26,96.4 1 0
github.com/Joe-oss9527/xrf-go/pkg/utils/validator.go:97.3,97.36 1 0
github.com/Joe-oss9527/xrf-go/pkg/utils/validator.go:98.52,100.27 1 0
github.com/Joe-oss9527/xrf-go/pkg/utils/validator.go:100.27,102.4 1 0
github.com/Joe-oss9527/xrf-go/pkg/utils/validator.go:103.3,103.26 1 0
github.com/Joe-oss9527/xrf-go/pkg/utils/validator.go:103.26,105.4 1 0
github.com/Joe-oss9527/xrf-go/pkg/utils/validator.go:106.3,106.36 1 0
github.com/Joe-oss9527/xrf-go/pkg/utils/validator.go:107.128,109.26 1 0
github.com/Joe-oss9527/xrf-go/pkg/utils/validator.go:109.26,111.4 1 0
github.com/Joe-oss9527/xrf-go/pkg/utils/validator.go:112.3,112.27 1 0
github.com/Joe-oss9527/xrf-go/pkg/utils/validator.go:112.27,114.4 1 0
github.com/Joe-oss9527/xrf-go/pkg/utils/validator.go:115.3,115.36 1 0
github.com/Joe-oss9527/xrf-go/pkg/utils/validator.go:116.72,118.36 1 0
github.com/Joe-oss9527/xrf-go/pkg/utils/validator.go:119.45,121.26 1 0
github.com/Joe-oss9527/xrf-go/pkg/utils/validator.go:121.26,123.4 1 0
github.com/Joe-oss9527/xrf-go/pkg/utils/validator.go:124.3,124.36 1 0
github.com/Joe-oss9527/xrf-go/pkg/utils/validator.go:125.10,127.36 1 0
github.com/Joe-oss9527/xrf-go/pkg/utils/validator.go:130.2,130.46 1 0
github.com/Joe-oss9527/xrf-go/pkg/utils/validator.go:134.52,135.22 1 0
github.com/Joe-oss9527/xrf-go/pkg/utils/validator.go:136.46,137.54 1 0
github.com/Joe-oss9527/xrf-go/pkg/utils/validator.go:138.52,139.54 1 0
github.com/Joe-oss9527/xrf-go/pkg/utils/validator.go:140.167,141.84 1 0
github.com/Joe-oss9527/xrf-go/pkg/utils/validator.go:142.72,143.54 1 0
github.com/Joe-oss9527/xrf-go/pkg/utils/validator.go:144.10,145.47 1 0
github.com/Joe-oss9527/xrf-go/pkg/utils/validator.go:149.42,150.18 1 0
github.com/Joe-oss9527/xrf-go/pkg/utils/validator.go:150.18,152.3 1 0
github.com/Joe-oss9527/xrf-go/pkg/utils/validator.go:154.2,155.38 2 0
github.com/Joe-oss9527/xrf-go/pkg/utils/validator.go:155.38,157.3 1 0
github.com/Joe-oss9527/xrf-go/pkg/utils/validator.go:159.2,159.12 1 0
github.com/Joe-oss9527/xrf-go/pkg/utils/validator.go:162.34,163.28 1 0
github.com/Joe-oss9527/xrf-go/pkg/utils/validator.go:163.28,165.3 1 0
github.com/Joe-oss9527/xrf-go/pkg/utils/validator.go:166.2,166.12 1 0
github.com/Joe-oss9527/xrf-go/pkg/utils/validator.go:169.39,171.16 2 0
github.com/Joe-oss9527/xrf-go/pkg/utils/validator.go:171.16,173.3 1 0
github.com/Joe-oss9527/xrf-go/pkg/utils/validator.go:175.2,175.36 1 0
github.com/Joe-oss9527/xrf-go/pkg/utils/validator.go:175.36,177.3 1 0
github.com/Joe-oss9527/xrf-go/pkg/utils/validator.go:179.2,179.12 1 0
github.com/Joe-oss9527/xrf-go/pkg/utils/validator.go:182.38,183.16 1 0
github.com/Joe-oss9527/xrf-go/pkg/utils/validator.go:183.16,185.3 1 0
github.com/Joe-oss9527/xrf-go/pkg/utils/validator.go:187.2,187.35 1 0
github.com/Joe-oss9527/xrf-go/pkg/utils/validator.go:187.35,189.3 1 0
github.com/Joe-oss9527/xrf-go/pkg/utils/validator.go:191.2,192.34 2 0
github.com/Joe-oss9527/xrf-go/pkg/utils/validator.go:192.34,194.3 1 0
github.com/Joe-oss9527/xrf-go/pkg/utils/validator.go:196.2,196.12 1 0
github.com/Joe-oss9527/xrf-go/pkg/utils/validator.go:199.40,201.36 2 0
github.com/Joe-oss9527/xrf-go/pkg/utils/validator.go:201.36,203.3 1 0
github.com/Joe-oss9527/xrf-go/pkg/utils/validator.go:204.2,204.12 1 0
github.com/Joe-oss9527/xrf-go/pkg/utils/validator.go:207.41,210.2 2 0
github.com/Joe-oss9527/xrf-go/pkg/utils/validator.go:212.50,213.22 1 0
github.com/Joe-oss9527/xrf-go/pkg/utils/validator.go:213.22,215.3 1 0
github.com/Joe-oss9527/xrf-go/pkg/utils/validator.go:217.2,218.16 2 0
github.com/Joe-oss9527/xrf-go/pkg/utils/validator.go:218.16,220.3 1 0
github.com/Joe-oss9527/xrf-go/pkg/utils/validator.go:222.2,224.16 3 0
github.com/Joe-oss9527/xrf-go/pkg/utils/validator.go:224.16,226.3 1 0
github.com/Joe-oss9527/xrf-go/pkg/utils/validator.go:228.2,228.12 1 0
github.com/Joe-oss9527/xrf-go/pkg/utils/validator.go:231.48,232.19 1 0
github.com/Joe-oss9527/xrf-go/pkg/utils/validator.go:232.19,234.3 1 0
github.com/Joe-oss9527/xrf-go/pkg/utils/validator.go:236.2,236.52 1 0
github.com/Joe-oss9527/xrf-go/pkg/utils/validator.go:236.52,238.3 1 0
github.com/Joe-oss9527/xrf-go/pkg/utils/validator.go:240.2,241.16 2 0
github.com/Joe-oss9527/xrf-go/pkg/utils/validator.go:241.16,243.3 1 0
github.com/Joe-oss9527/xrf-go/pkg/utils/validator.go:245.2,247.16 3 0
github.com/Joe-oss9527/xrf-go/pkg/utils/validator.go:247.16,249.3 1 0
github.com/Joe-oss9527/xrf-go/pkg/utils/validator.go:251.2,251.12 1 0
github.com/Joe-oss9527/xrf-go/pkg/utils/validator.go:254.50,261.39 3 0
github.com/Joe-oss9527/xrf-go/pkg/utils/validator.go:261.39,262.24 1 0
github.com/Joe-oss9527/xrf-go/pkg/utils/validator.go:262.24,264.4 1 0
github.com/Joe-oss9527/xrf-go/pkg/utils/validator.go:267.2,267.57 1 0
github.com/Joe-oss9527/xrf-go/pkg/utils/validator.go:270.52,277.40 3 0
github.com/Joe-oss9527/xrf-go/pkg/utils/validator.go:277.40,278.25 1 0
github.com/Joe-oss9527/xrf-go/pkg/utils/validator.go:278.25,280.4 1 0
github.com/Joe-oss9527/xrf-go/pkg/utils/validator.go:283.2,283.59 1 0
github.com/Joe-oss9527/xrf-go/pkg/utils/validator.go:286.50,292.38 3 0
github.com/Joe-oss9527/xrf-go/pkg/utils/validator.go:292.38,293.24 1 0
github.com/Joe-oss9527/xrf-go/pkg/utils/validator.go:293.24,295.4 1 0
github.com/Joe-oss9527/xrf-go/pkg/utils/validator.go:298.2,298.57 1 0
github.com/Joe-oss9527/xrf-go/pkg/utils/validator.go:301.51,303.16 2 0
github.com/Joe-oss9527/xrf-go/pkg/utils/validator.go:303.16,305.3 1 0
github.com/Joe-oss9527/xrf-go/pkg/utils/validator.go:307.2,307.43 1 0
github.com/Joe-oss9527/xrf-go/pkg/utils/validator.go:307.43,309.3 1 0
github.com/Joe-oss9527/xrf-go/pkg/utils/validator.go:311.2,311.18 1 0
github.com/Joe-oss9527/xrf-go/pkg/utils/validator.go:314.44,315.49 1 0
github.com/Joe-oss9527/xrf-go/pkg/utils/validator.go:315.49,317.3 1 0
github.com/Joe-oss9527/xrf-go/pkg/utils/validator.go:318.2,318.12 1 0
github.com/Joe-oss9527/xrf-go/pkg/utils/validator.go:321.49,323.24 2 0
github.com/Joe-oss9527/xrf-go/pkg/utils/validator.go:323.24,325.3 1 0
github.com/Joe-oss9527/xrf-go/pkg/utils/validator.go:327.2,327.19 1 0
github.com/Joe-oss9527/xrf-go/pkg/utils/validator.go:327.19,329.3 1 0
github.com/Joe-oss9527/xrf-go/pkg/utils/validator.go:331.2,331.12 1 0
github.com/Joe-oss9527/xrf-go/pkg/utils/validator.go:335.36,336.16 1 0
github.com/Joe-oss9527/xrf-go/pkg/utils/validator.go:336.16,338.3 1 0
github.com/Joe-oss9527/xrf-go/pkg/utils/validator.go:342.2,343.36 2 0
